Configuration from C:/dropbox/Dropbox/GitHub/stephenwil.github.com/_config.yml
Auto-regenerating enabled: C:/dropbox/Dropbox/GitHub/stephenwil.github.com -> build
[2013-05-06 10:55:15] regeneration: 1 files changed
Liquid Exception: Unknown tag 'endfor' in post2
C:/Ruby193/lib/ruby/gems/1.9.1/gems/liquid-2.5.0/lib/liquid/block.rb:62:in `unknown_tag'
C:/Ruby193/lib/ruby/gems/1.9.1/gems/liquid-2.5.0/lib/liquid/tags/if.rb:31:in `unknown_tag'
C:/Ruby193/lib/ruby/gems/1.9.1/gems/liquid-2.5.0/lib/liquid/block.rb:32:in `parse'
C:/Ruby193/lib/ruby/gems/1.9.1/gems/liquid-2.5.0/lib/liquid/tag.rb:10:in `initialize'
C:/Ruby193/lib/ruby/gems/1.9.1/gems/liquid-2.5.0/lib/liquid/tags/if.rb:24:in `initialize'
C:/Ruby193/lib/ruby/gems/1.9.1/gems/liquid-2.5.0/lib/liquid/block.rb:28:in `new'
C:/Ruby193/lib/ruby/gems/1.9.1/gems/liquid-2.5.0/lib/liquid/block.rb:28:in `parse'
C:/Ruby193/lib/ruby/gems/1.9.1/gems/liquid-2.5.0/lib/liquid/tag.rb:10:in `initialize'
C:/Ruby193/lib/ruby/gems/1.9.1/gems/liquid-2.5.0/lib/liquid/tags/if.rb:24:in `initialize'
C:/Ruby193/lib/ruby/gems/1.9.1/gems/liquid-2.5.0/lib/liquid/block.rb:28:in `new'
C:/Ruby193/lib/ruby/gems/1.9.1/gems/liquid-2.5.0/lib/liquid/block.rb:28:in `parse'
C:/Ruby193/lib/ruby/gems/1.9.1/gems/liquid-2.5.0/lib/liquid/tag.rb:10:in `initialize'
C:/Ruby193/lib/ruby/gems/1.9.1/gems/liquid-2.5.0/lib/liquid/tags/for.rb:64:in `initialize'
C:/Ruby193/lib/ruby/gems/1.9.1/gems/liquid-2.5.0/lib/liquid/block.rb:28:in `new'
C:/Ruby193/lib/ruby/gems/1.9.1/gems/liquid-2.5.0/lib/liquid/block.rb:28:in `parse'
C:/Ruby193/lib/ruby/gems/1.9.1/gems/liquid-2.5.0/lib/liquid/document.rb:5:in `initialize'
C:/Ruby193/lib/ruby/gems/1.9.1/gems/liquid-2.5.0/lib/liquid/template.rb:58:in `new'
C:/Ruby193/lib/ruby/gems/1.9.1/gems/liquid-2.5.0/lib/liquid/template.rb:58:in `parse'
C:/Ruby193/lib/ruby/gems/1.9.1/gems/liquid-2.5.0/lib/liquid/template.rb:46:in `parse'
C:/Ruby193/lib/ruby/gems/1.9.1/gems/jekyll-0.12.1/lib/jekyll/tags/include.rb:24:in `block in render'
C:/Ruby193/lib/ruby/gems/1.9.1/gems/jekyll-0.12.1/lib/jekyll/tags/include.rb:20:in `chdir'
C:/Ruby193/lib/ruby/gems/1.9.1/gems/jekyll-0.12.1/lib/jekyll/tags/include.rb:20:in `render'
C:/Ruby193/lib/ruby/gems/1.9.1/gems/liquid-2.5.0/lib/liquid/block.rb:106:in `block in render_all'
C:/Ruby193/lib/ruby/gems/1.9.1/gems/liquid-2.5.0/lib/liquid/block.rb:93:in `each'
C:/Ruby193/lib/ruby/gems/1.9.1/gems/liquid-2.5.0/lib/liquid/block.rb:93:in `render_all'
C:/Ruby193/lib/ruby/gems/1.9.1/gems/liquid-2.5.0/lib/liquid/block.rb:82:in `render'
C:/Ruby193/lib/ruby/gems/1.9.1/gems/liquid-2.5.0/lib/liquid/template.rb:124:in `render'
C:/Ruby193/lib/ruby/gems/1.9.1/gems/liquid-2.5.0/lib/liquid/template.rb:132:in `render!'
C:/Ruby193/lib/ruby/gems/1.9.1/gems/jekyll-0.12.1/lib/jekyll/convertible.rb:101:in `do_layout'
C:/Ruby193/lib/ruby/gems/1.9.1/gems/jekyll-0.12.1/lib/jekyll/post.rb:195:in `render'
C:/Ruby193/lib/ruby/gems/1.9.1/gems/jekyll-0.12.1/lib/jekyll/site.rb:200:in `block in render'
C:/Ruby193/lib/ruby/gems/1.9.1/gems/jekyll-0.12.1/lib/jekyll/site.rb:199:in `each'
C:/Ruby193/lib/ruby/gems/1.9.1/gems/jekyll-0.12.1/lib/jekyll/site.rb:199:in `render'
C:/Ruby193/lib/ruby/gems/1.9.1/gems/jekyll-0.12.1/lib/jekyll/site.rb:41:in `process'
C:/Ruby193/lib/ruby/gems/1.9.1/gems/jekyll-0.12.1/bin/jekyll:253:in `block in <top (required)>'
C:/Ruby193/lib/ruby/gems/1.9.1/gems/directory_watcher-1.5.1/lib/directory_watcher/notifier.rb:45:in `call'
C:/Ruby193/lib/ruby/gems/1.9.1/gems/directory_watcher-1.5.1/lib/directory_watcher/notifier.rb:45:in `send_event_to_observer'
C:/Ruby193/lib/ruby/gems/1.9.1/gems/directory_watcher-1.5.1/lib/directory_watcher/notifier.rb:27:in `block in run'
C:/Ruby193/lib/ruby/gems/1.9.1/gems/directory_watcher-1.5.1/lib/directory_watcher/notifier.rb:26:in `each'
C:/Ruby193/lib/ruby/gems/1.9.1/gems/directory_watcher-1.5.1/lib/directory_watcher/notifier.rb:26:in `run'
C:/Ruby193/lib/ruby/gems/1.9.1/gems/directory_watcher-1.5.1/lib/directory_watcher/threaded.rb:258:in `do_work'
C:/Ruby193/lib/ruby/gems/1.9.1/gems/directory_watcher-1.5.1/lib/directory_watcher/threaded.rb:231:in `block in run'
C:/Ruby193/lib/ruby/gems/1.9.1/gems/directory_watcher-1.5.1/lib/directory_watcher/threaded.rb:228:in `loop'
C:/Ruby193/lib/ruby/gems/1.9.1/gems/directory_watcher-1.5.1/lib/directory_watcher/threaded.rb:228:in `run'
C:/Ruby193/lib/ruby/gems/1.9.1/gems/directory_watcher-1.5.1/lib/directory_watcher/threaded.rb:218:in `block in start'
[2013-05-06 10:55:15] regeneration: 1 files changed
Liquid Exception: Unknown tag 'endfor' in post2
C:/Ruby193/lib/ruby/gems/1.9.1/gems/liquid-2.5.0/lib/liquid/block.rb:62:in `unknown_tag'
C:/Ruby193/lib/ruby/gems/1.9.1/gems/liquid-2.5.0/lib/liquid/tags/if.rb:31:in `unknown_tag'
C:/Ruby193/lib/ruby/gems/1.9.1/gems/liquid-2.5.0/lib/liquid/block.rb:32:in `parse'
C:/Ruby193/lib/ruby/gems/1.9.1/gems/liquid-2.5.0/lib/liquid/tag.rb:10:in `initialize'
C:/Ruby193/lib/ruby/gems/1.9.1/gems/liquid-2.5.0/lib/liquid/tags/if.rb:24:in `initialize'
C:/Ruby193/lib/ruby/gems/1.9.1/gems/liquid-2.5.0/lib/liquid/block.rb:28:in `new'
C:/Ruby193/lib/ruby/gems/1.9.1/gems/liquid-2.5.0/lib/liquid/block.rb:28:in `parse'
C:/Ruby193/lib/ruby/gems/1.9.1/gems/liquid-2.5.0/lib/liquid/tag.rb:10:in `initialize'
C:/Ruby193/lib/ruby/gems/1.9.1/gems/liquid-2.5.0/lib/liquid/tags/if.rb:24:in `initialize'
C:/Ruby193/lib/ruby/gems/1.9.1/gems/liquid-2.5.0/lib/liquid/block.rb:28:in `new'
C:/Ruby193/lib/ruby/gems/1.9.1/gems/liquid-2.5.0/lib/liquid/block.rb:28:in `parse'
C:/Ruby193/lib/ruby/gems/1.9.1/gems/liquid-2.5.0/lib/liquid/tag.rb:10:in `initialize'
C:/Ruby193/lib/ruby/gems/1.9.1/gems/liquid-2.5.0/lib/liquid/tags/for.rb:64:in `initialize'
C:/Ruby193/lib/ruby/gems/1.9.1/gems/liquid-2.5.0/lib/liquid/block.rb:28:in `new'
C:/Ruby193/lib/ruby/gems/1.9.1/gems/liquid-2.5.0/lib/liquid/block.rb:28:in `parse'
C:/Ruby193/lib/ruby/gems/1.9.1/gems/liquid-2.5.0/lib/liquid/document.rb:5:in `initialize'
C:/Ruby193/lib/ruby/gems/1.9.1/gems/liquid-2.5.0/lib/liquid/template.rb:58:in `new'
C:/Ruby193/lib/ruby/gems/1.9.1/gems/liquid-2.5.0/lib/liquid/template.rb:58:in `parse'
C:/Ruby193/lib/ruby/gems/1.9.1/gems/liquid-2.5.0/lib/liquid/template.rb:46:in `parse'
C:/Ruby193/lib/ruby/gems/1.9.1/gems/jekyll-0.12.1/lib/jekyll/tags/include.rb:24:in `block in render'
C:/Ruby193/lib/ruby/gems/1.9.1/gems/jekyll-0.12.1/lib/jekyll/tags/include.rb:20:in `chdir'
C:/Ruby193/lib/ruby/gems/1.9.1/gems/jekyll-0.12.1/lib/jekyll/tags/include.rb:20:in `render'
C:/Ruby193/lib/ruby/gems/1.9.1/gems/liquid-2.5.0/lib/liquid/block.rb:106:in `block in render_all'
C:/Ruby193/lib/ruby/gems/1.9.1/gems/liquid-2.5.0/lib/liquid/block.rb:93:in `each'
C:/Ruby193/lib/ruby/gems/1.9.1/gems/liquid-2.5.0/lib/liquid/block.rb:93:in `render_all'
C:/Ruby193/lib/ruby/gems/1.9.1/gems/liquid-2.5.0/lib/liquid/block.rb:82:in `render'
C:/Ruby193/lib/ruby/gems/1.9.1/gems/liquid-2.5.0/lib/liquid/template.rb:124:in `render'
C:/Ruby193/lib/ruby/gems/1.9.1/gems/liquid-2.5.0/lib/liquid/template.rb:132:in `render!'
C:/Ruby193/lib/ruby/gems/1.9.1/gems/jekyll-0.12.1/lib/jekyll/convertible.rb:101:in `do_layout'
C:/Ruby193/lib/ruby/gems/1.9.1/gems/jekyll-0.12.1/lib/jekyll/post.rb:195:in `render'
C:/Ruby193/lib/ruby/gems/1.9.1/gems/jekyll-0.12.1/lib/jekyll/site.rb:200:in `block in render'
C:/Ruby193/lib/ruby/gems/1.9.1/gems/jekyll-0.12.1/lib/jekyll/site.rb:199:in `each'
C:/Ruby193/lib/ruby/gems/1.9.1/gems/jekyll-0.12.1/lib/jekyll/site.rb:199:in `render'
C:/Ruby193/lib/ruby/gems/1.9.1/gems/jekyll-0.12.1/lib/jekyll/site.rb:41:in `process'
C:/Ruby193/lib/ruby/gems/1.9.1/gems/jekyll-0.12.1/bin/jekyll:253:in `block in <top (required)>'
C:/Ruby193/lib/ruby/gems/1.9.1/gems/directory_watcher-1.5.1/lib/directory_watcher/notifier.rb:45:in `call'
C:/Ruby193/lib/ruby/gems/1.9.1/gems/directory_watcher-1.5.1/lib/directory_watcher/notifier.rb:45:in `send_event_to_observer'
C:/Ruby193/lib/ruby/gems/1.9.1/gems/directory_watcher-1.5.1/lib/directory_watcher/notifier.rb:27:in `block in run'
C:/Ruby193/lib/ruby/gems/1.9.1/gems/directory_watcher-1.5.1/lib/directory_watcher/notifier.rb:26:in `each'
C:/Ruby193/lib/ruby/gems/1.9.1/gems/directory_watcher-1.5.1/lib/directory_watcher/notifier.rb:26:in `run'
C:/Ruby193/lib/ruby/gems/1.9.1/gems/directory_watcher-1.5.1/lib/directory_watcher/threaded.rb:258:in `do_work'
C:/Ruby193/lib/ruby/gems/1.9.1/gems/directory_watcher-1.5.1/lib/directory_watcher/threaded.rb:231:in `block in run'
C:/Ruby193/lib/ruby/gems/1.9.1/gems/directory_watcher-1.5.1/lib/directory_watcher/threaded.rb:228:in `loop'
C:/Ruby193/lib/ruby/gems/1.9.1/gems/directory_watcher-1.5.1/lib/directory_watcher/threaded.rb:228:in `run'
C:/Ruby193/lib/ruby/gems/1.9.1/gems/directory_watcher-1.5.1/lib/directory_watcher/threaded.rb:218:in `block in start'
[2013-05-06 10:55:16] regeneration: 1 files changed
Liquid Exception: Unknown tag 'endfor' in post2
C:/Ruby193/lib/ruby/gems/1.9.1/gems/liquid-2.5.0/lib/liquid/block.rb:62:in `unknown_tag'
C:/Ruby193/lib/ruby/gems/1.9.1/gems/liquid-2.5.0/lib/liquid/tags/if.rb:31:in `unknown_tag'
C:/Ruby193/lib/ruby/gems/1.9.1/gems/liquid-2.5.0/lib/liquid/block.rb:32:in `parse'
C:/Ruby193/lib/ruby/gems/1.9.1/gems/liquid-2.5.0/lib/liquid/tag.rb:10:in `initialize'
C:/Ruby193/lib/ruby/gems/1.9.1/gems/liquid-2.5.0/lib/liquid/tags/if.rb:24:in `initialize'
C:/Ruby193/lib/ruby/gems/1.9.1/gems/liquid-2.5.0/lib/liquid/block.rb:28:in `new'
C:/Ruby193/lib/ruby/gems/1.9.1/gems/liquid-2.5.0/lib/liquid/block.rb:28:in `parse'
C:/Ruby193/lib/ruby/gems/1.9.1/gems/liquid-2.5.0/lib/liquid/tag.rb:10:in `initialize'
C:/Ruby193/lib/ruby/gems/1.9.1/gems/liquid-2.5.0/lib/liquid/tags/if.rb:24:in `initialize'
C:/Ruby193/lib/ruby/gems/1.9.1/gems/liquid-2.5.0/lib/liquid/block.rb:28:in `new'
C:/Ruby193/lib/ruby/gems/1.9.1/gems/liquid-2.5.0/lib/liquid/block.rb:28:in `parse'
C:/Ruby193/lib/ruby/gems/1.9.1/gems/liquid-2.5.0/lib/liquid/tag.rb:10:in `initialize'
C:/Ruby193/lib/ruby/gems/1.9.1/gems/liquid-2.5.0/lib/liquid/tags/for.rb:64:in `initialize'
C:/Ruby193/lib/ruby/gems/1.9.1/gems/liquid-2.5.0/lib/liquid/block.rb:28:in `new'
C:/Ruby193/lib/ruby/gems/1.9.1/gems/liquid-2.5.0/lib/liquid/block.rb:28:in `parse'
C:/Ruby193/lib/ruby/gems/1.9.1/gems/liquid-2.5.0/lib/liquid/document.rb:5:in `initialize'
C:/Ruby193/lib/ruby/gems/1.9.1/gems/liquid-2.5.0/lib/liquid/template.rb:58:in `new'
C:/Ruby193/lib/ruby/gems/1.9.1/gems/liquid-2.5.0/lib/liquid/template.rb:58:in `parse'
C:/Ruby193/lib/ruby/gems/1.9.1/gems/liquid-2.5.0/lib/liquid/template.rb:46:in `parse'
C:/Ruby193/lib/ruby/gems/1.9.1/gems/jekyll-0.12.1/lib/jekyll/tags/include.rb:24:in `block in render'
C:/Ruby193/lib/ruby/gems/1.9.1/gems/jekyll-0.12.1/lib/jekyll/tags/include.rb:20:in `chdir'
C:/Ruby193/lib/ruby/gems/1.9.1/gems/jekyll-0.12.1/lib/jekyll/tags/include.rb:20:in `render'
C:/Ruby193/lib/ruby/gems/1.9.1/gems/liquid-2.5.0/lib/liquid/block.rb:106:in `block in render_all'
C:/Ruby193/lib/ruby/gems/1.9.1/gems/liquid-2.5.0/lib/liquid/block.rb:93:in `each'
C:/Ruby193/lib/ruby/gems/1.9.1/gems/liquid-2.5.0/lib/liquid/block.rb:93:in `render_all'
C:/Ruby193/lib/ruby/gems/1.9.1/gems/liquid-2.5.0/lib/liquid/block.rb:82:in `render'
C:/Ruby193/lib/ruby/gems/1.9.1/gems/liquid-2.5.0/lib/liquid/template.rb:124:in `render'
C:/Ruby193/lib/ruby/gems/1.9.1/gems/liquid-2.5.0/lib/liquid/template.rb:132:in `render!'
C:/Ruby193/lib/ruby/gems/1.9.1/gems/jekyll-0.12.1/lib/jekyll/convertible.rb:101:in `do_layout'
C:/Ruby193/lib/ruby/gems/1.9.1/gems/jekyll-0.12.1/lib/jekyll/post.rb:195:in `render'
C:/Ruby193/lib/ruby/gems/1.9.1/gems/jekyll-0.12.1/lib/jekyll/site.rb:200:in `block in render'
C:/Ruby193/lib/ruby/gems/1.9.1/gems/jekyll-0.12.1/lib/jekyll/site.rb:199:in `each'
C:/Ruby193/lib/ruby/gems/1.9.1/gems/jekyll-0.12.1/lib/jekyll/site.rb:199:in `render'
C:/Ruby193/lib/ruby/gems/1.9.1/gems/jekyll-0.12.1/lib/jekyll/site.rb:41:in `process'
C:/Ruby193/lib/ruby/gems/1.9.1/gems/jekyll-0.12.1/bin/jekyll:253:in `block in <top (required)>'
C:/Ruby193/lib/ruby/gems/1.9.1/gems/directory_watcher-1.5.1/lib/directory_watcher/notifier.rb:45:in `call'
C:/Ruby193/lib/ruby/gems/1.9.1/gems/directory_watcher-1.5.1/lib/directory_watcher/notifier.rb:45:in `send_event_to_observer'
C:/Ruby193/lib/ruby/gems/1.9.1/gems/directory_watcher-1.5.1/lib/directory_watcher/notifier.rb:27:in `block in run'
C:/Ruby193/lib/ruby/gems/1.9.1/gems/directory_watcher-1.5.1/lib/directory_watcher/notifier.rb:26:in `each'
C:/Ruby193/lib/ruby/gems/1.9.1/gems/directory_watcher-1.5.1/lib/directory_watcher/notifier.rb:26:in `run'
C:/Ruby193/lib/ruby/gems/1.9.1/gems/directory_watcher-1.5.1/lib/directory_watcher/threaded.rb:258:in `do_work'
C:/Ruby193/lib/ruby/gems/1.9.1/gems/directory_watcher-1.5.1/lib/directory_watcher/threaded.rb:231:in `block in run'
C:/Ruby193/lib/ruby/gems/1.9.1/gems/directory_watcher-1.5.1/lib/directory_watcher/threaded.rb:228:in `loop'
C:/Ruby193/lib/ruby/gems/1.9.1/gems/directory_watcher-1.5.1/lib/directory_watcher/threaded.rb:228:in `run'
C:/Ruby193/lib/ruby/gems/1.9.1/gems/directory_watcher-1.5.1/lib/directory_watcher/threaded.rb:218:in `block in start'
[2013-05-06 10:55:16] regeneration: 1 files changed
Liquid Exception: Unknown tag 'endfor' in post2
C:/Ruby193/lib/ruby/gems/1.9.1/gems/liquid-2.5.0/lib/liquid/block.rb:62:in `unknown_tag'
C:/Ruby193/lib/ruby/gems/1.9.1/gems/liquid-2.5.0/lib/liquid/tags/if.rb:31:in `unknown_tag'
C:/Ruby193/lib/ruby/gems/1.9.1/gems/liquid-2.5.0/lib/liquid/block.rb:32:in `parse'
C:/Ruby193/lib/ruby/gems/1.9.1/gems/liquid-2.5.0/lib/liquid/tag.rb:10:in `initialize'
C:/Ruby193/lib/ruby/gems/1.9.1/gems/liquid-2.5.0/lib/liquid/tags/if.rb:24:in `initialize'
C:/Ruby193/lib/ruby/gems/1.9.1/gems/liquid-2.5.0/lib/liquid/block.rb:28:in `new'
C:/Ruby193/lib/ruby/gems/1.9.1/gems/liquid-2.5.0/lib/liquid/block.rb:28:in `parse'
C:/Ruby193/lib/ruby/gems/1.9.1/gems/liquid-2.5.0/lib/liquid/tag.rb:10:in `initialize'
C:/Ruby193/lib/ruby/gems/1.9.1/gems/liquid-2.5.0/lib/liquid/tags/if.rb:24:in `initialize'
C:/Ruby193/lib/ruby/gems/1.9.1/gems/liquid-2.5.0/lib/liquid/block.rb:28:in `new'
C:/Ruby193/lib/ruby/gems/1.9.1/gems/liquid-2.5.0/lib/liquid/block.rb:28:in `parse'
C:/Ruby193/lib/ruby/gems/1.9.1/gems/liquid-2.5.0/lib/liquid/tag.rb:10:in `initialize'
C:/Ruby193/lib/ruby/gems/1.9.1/gems/liquid-2.5.0/lib/liquid/tags/for.rb:64:in `initialize'
C:/Ruby193/lib/ruby/gems/1.9.1/gems/liquid-2.5.0/lib/liquid/block.rb:28:in `new'
C:/Ruby193/lib/ruby/gems/1.9.1/gems/liquid-2.5.0/lib/liquid/block.rb:28:in `parse'
C:/Ruby193/lib/ruby/gems/1.9.1/gems/liquid-2.5.0/lib/liquid/document.rb:5:in `initialize'
C:/Ruby193/lib/ruby/gems/1.9.1/gems/liquid-2.5.0/lib/liquid/template.rb:58:in `new'
C:/Ruby193/lib/ruby/gems/1.9.1/gems/liquid-2.5.0/lib/liquid/template.rb:58:in `parse'
C:/Ruby193/lib/ruby/gems/1.9.1/gems/liquid-2.5.0/lib/liquid/template.rb:46:in `parse'
C:/Ruby193/lib/ruby/gems/1.9.1/gems/jekyll-0.12.1/lib/jekyll/tags/include.rb:24:in `block in render'
C:/Ruby193/lib/ruby/gems/1.9.1/gems/jekyll-0.12.1/lib/jekyll/tags/include.rb:20:in `chdir'
C:/Ruby193/lib/ruby/gems/1.9.1/gems/jekyll-0.12.1/lib/jekyll/tags/include.rb:20:in `render'
C:/Ruby193/lib/ruby/gems/1.9.1/gems/liquid-2.5.0/lib/liquid/block.rb:106:in `block in render_all'
C:/Ruby193/lib/ruby/gems/1.9.1/gems/liquid-2.5.0/lib/liquid/block.rb:93:in `each'
C:/Ruby193/lib/ruby/gems/1.9.1/gems/liquid-2.5.0/lib/liquid/block.rb:93:in `render_all'
C:/Ruby193/lib/ruby/gems/1.9.1/gems/liquid-2.5.0/lib/liquid/block.rb:82:in `render'
C:/Ruby193/lib/ruby/gems/1.9.1/gems/liquid-2.5.0/lib/liquid/template.rb:124:in `render'
C:/Ruby193/lib/ruby/gems/1.9.1/gems/liquid-2.5.0/lib/liquid/template.rb:132:in `render!'
C:/Ruby193/lib/ruby/gems/1.9.1/gems/jekyll-0.12.1/lib/jekyll/convertible.rb:101:in `do_layout'
C:/Ruby193/lib/ruby/gems/1.9.1/gems/jekyll-0.12.1/lib/jekyll/post.rb:195:in `render'
C:/Ruby193/lib/ruby/gems/1.9.1/gems/jekyll-0.12.1/lib/jekyll/site.rb:200:in `block in render'
C:/Ruby193/lib/ruby/gems/1.9.1/gems/jekyll-0.12.1/lib/jekyll/site.rb:199:in `each'
C:/Ruby193/lib/ruby/gems/1.9.1/gems/jekyll-0.12.1/lib/jekyll/site.rb:199:in `render'
C:/Ruby193/lib/ruby/gems/1.9.1/gems/jekyll-0.12.1/lib/jekyll/site.rb:41:in `process'
C:/Ruby193/lib/ruby/gems/1.9.1/gems/jekyll-0.12.1/bin/jekyll:253:in `block in <top (required)>'
C:/Ruby193/lib/ruby/gems/1.9.1/gems/directory_watcher-1.5.1/lib/directory_watcher/notifier.rb:45:in `call'
C:/Ruby193/lib/ruby/gems/1.9.1/gems/directory_watcher-1.5.1/lib/directory_watcher/notifier.rb:45:in `send_event_to_observer'
C:/Ruby193/lib/ruby/gems/1.9.1/gems/directory_watcher-1.5.1/lib/directory_watcher/notifier.rb:27:in `block in run'
C:/Ruby193/lib/ruby/gems/1.9.1/gems/directory_watcher-1.5.1/lib/directory_watcher/notifier.rb:26:in `each'
C:/Ruby193/lib/ruby/gems/1.9.1/gems/directory_watcher-1.5.1/lib/directory_watcher/notifier.rb:26:in `run'
C:/Ruby193/lib/ruby/gems/1.9.1/gems/directory_watcher-1.5.1/lib/directory_watcher/threaded.rb:258:in `do_work'
C:/Ruby193/lib/ruby/gems/1.9.1/gems/directory_watcher-1.5.1/lib/directory_watcher/threaded.rb:231:in `block in run'
C:/Ruby193/lib/ruby/gems/1.9.1/gems/directory_watcher-1.5.1/lib/directory_watcher/threaded.rb:228:in `loop'
C:/Ruby193/lib/ruby/gems/1.9.1/gems/directory_watcher-1.5.1/lib/directory_watcher/threaded.rb:228:in `run'
C:/Ruby193/lib/ruby/gems/1.9.1/gems/directory_watcher-1.5.1/lib/directory_watcher/threaded.rb:218:in `block in start'
[2013-05-06 10:55:16] regeneration: 1 files changed
Liquid Exception: Unknown tag 'endfor' in post2
C:/Ruby193/lib/ruby/gems/1.9.1/gems/liquid-2.5.0/lib/liquid/block.rb:62:in `unknown_tag'
C:/Ruby193/lib/ruby/gems/1.9.1/gems/liquid-2.5.0/lib/liquid/tags/if.rb:31:in `unknown_tag'
C:/Ruby193/lib/ruby/gems/1.9.1/gems/liquid-2.5.0/lib/liquid/block.rb:32:in `parse'
C:/Ruby193/lib/ruby/gems/1.9.1/gems/liquid-2.5.0/lib/liquid/tag.rb:10:in `initialize'
C:/Ruby193/lib/ruby/gems/1.9.1/gems/liquid-2.5.0/lib/liquid/tags/if.rb:24:in `initialize'
C:/Ruby193/lib/ruby/gems/1.9.1/gems/liquid-2.5.0/lib/liquid/block.rb:28:in `new'
C:/Ruby193/lib/ruby/gems/1.9.1/gems/liquid-2.5.0/lib/liquid/block.rb:28:in `parse'
C:/Ruby193/lib/ruby/gems/1.9.1/gems/liquid-2.5.0/lib/liquid/tag.rb:10:in `initialize'
C:/Ruby193/lib/ruby/gems/1.9.1/gems/liquid-2.5.0/lib/liquid/tags/if.rb:24:in `initialize'
C:/Ruby193/lib/ruby/gems/1.9.1/gems/liquid-2.5.0/lib/liquid/block.rb:28:in `new'
C:/Ruby193/lib/ruby/gems/1.9.1/gems/liquid-2.5.0/lib/liquid/block.rb:28:in `parse'
C:/Ruby193/lib/ruby/gems/1.9.1/gems/liquid-2.5.0/lib/liquid/tag.rb:10:in `initialize'
C:/Ruby193/lib/ruby/gems/1.9.1/gems/liquid-2.5.0/lib/liquid/tags/for.rb:64:in `initialize'
C:/Ruby193/lib/ruby/gems/1.9.1/gems/liquid-2.5.0/lib/liquid/block.rb:28:in `new'
C:/Ruby193/lib/ruby/gems/1.9.1/gems/liquid-2.5.0/lib/liquid/block.rb:28:in `parse'
C:/Ruby193/lib/ruby/gems/1.9.1/gems/liquid-2.5.0/lib/liquid/document.rb:5:in `initialize'
C:/Ruby193/lib/ruby/gems/1.9.1/gems/liquid-2.5.0/lib/liquid/template.rb:58:in `new'
C:/Ruby193/lib/ruby/gems/1.9.1/gems/liquid-2.5.0/lib/liquid/template.rb:58:in `parse'
C:/Ruby193/lib/ruby/gems/1.9.1/gems/liquid-2.5.0/lib/liquid/template.rb:46:in `parse'
C:/Ruby193/lib/ruby/gems/1.9.1/gems/jekyll-0.12.1/lib/jekyll/tags/include.rb:24:in `block in render'
C:/Ruby193/lib/ruby/gems/1.9.1/gems/jekyll-0.12.1/lib/jekyll/tags/include.rb:20:in `chdir'
C:/Ruby193/lib/ruby/gems/1.9.1/gems/jekyll-0.12.1/lib/jekyll/tags/include.rb:20:in `render'
C:/Ruby193/lib/ruby/gems/1.9.1/gems/liquid-2.5.0/lib/liquid/block.rb:106:in `block in render_all'
C:/Ruby193/lib/ruby/gems/1.9.1/gems/liquid-2.5.0/lib/liquid/block.rb:93:in `each'
C:/Ruby193/lib/ruby/gems/1.9.1/gems/liquid-2.5.0/lib/liquid/block.rb:93:in `render_all'
C:/Ruby193/lib/ruby/gems/1.9.1/gems/liquid-2.5.0/lib/liquid/block.rb:82:in `render'
C:/Ruby193/lib/ruby/gems/1.9.1/gems/liquid-2.5.0/lib/liquid/template.rb:124:in `render'
C:/Ruby193/lib/ruby/gems/1.9.1/gems/liquid-2.5.0/lib/liquid/template.rb:132:in `render!'
C:/Ruby193/lib/ruby/gems/1.9.1/gems/jekyll-0.12.1/lib/jekyll/convertible.rb:101:in `do_layout'
C:/Ruby193/lib/ruby/gems/1.9.1/gems/jekyll-0.12.1/lib/jekyll/post.rb:195:in `render'
C:/Ruby193/lib/ruby/gems/1.9.1/gems/jekyll-0.12.1/lib/jekyll/site.rb:200:in `block in render'
C:/Ruby193/lib/ruby/gems/1.9.1/gems/jekyll-0.12.1/lib/jekyll/site.rb:199:in `each'
C:/Ruby193/lib/ruby/gems/1.9.1/gems/jekyll-0.12.1/lib/jekyll/site.rb:199:in `render'
C:/Ruby193/lib/ruby/gems/1.9.1/gems/jekyll-0.12.1/lib/jekyll/site.rb:41:in `process'
C:/Ruby193/lib/ruby/gems/1.9.1/gems/jekyll-0.12.1/bin/jekyll:253:in `block in <top (required)>'
C:/Ruby193/lib/ruby/gems/1.9.1/gems/directory_watcher-1.5.1/lib/directory_watcher/notifier.rb:45:in `call'
C:/Ruby193/lib/ruby/gems/1.9.1/gems/directory_watcher-1.5.1/lib/directory_watcher/notifier.rb:45:in `send_event_to_observer'
C:/Ruby193/lib/ruby/gems/1.9.1/gems/directory_watcher-1.5.1/lib/directory_watcher/notifier.rb:27:in `block in run'
C:/Ruby193/lib/ruby/gems/1.9.1/gems/directory_watcher-1.5.1/lib/directory_watcher/notifier.rb:26:in `each'
C:/Ruby193/lib/ruby/gems/1.9.1/gems/directory_watcher-1.5.1/lib/directory_watcher/notifier.rb:26:in `run'
C:/Ruby193/lib/ruby/gems/1.9.1/gems/directory_watcher-1.5.1/lib/directory_watcher/threaded.rb:258:in `do_work'
C:/Ruby193/lib/ruby/gems/1.9.1/gems/directory_watcher-1.5.1/lib/directory_watcher/threaded.rb:231:in `block in run'
C:/Ruby193/lib/ruby/gems/1.9.1/gems/directory_watcher-1.5.1/lib/directory_watcher/threaded.rb:228:in `loop'
C:/Ruby193/lib/ruby/gems/1.9.1/gems/directory_watcher-1.5.1/lib/directory_watcher/threaded.rb:228:in `run'
C:/Ruby193/lib/ruby/gems/1.9.1/gems/directory_watcher-1.5.1/lib/directory_watcher/threaded.rb:218:in `block in start'
[2013-05-06 10:55:16] regeneration: 1 files changed
Liquid Exception: Unknown tag 'endfor' in post2
C:/Ruby193/lib/ruby/gems/1.9.1/gems/liquid-2.5.0/lib/liquid/block.rb:62:in `unknown_tag'
C:/Ruby193/lib/ruby/gems/1.9.1/gems/liquid-2.5.0/lib/liquid/tags/if.rb:31:in `unknown_tag'
C:/Ruby193/lib/ruby/gems/1.9.1/gems/liquid-2.5.0/lib/liquid/block.rb:32:in `parse'
C:/Ruby193/lib/ruby/gems/1.9.1/gems/liquid-2.5.0/lib/liquid/tag.rb:10:in `initialize'
C:/Ruby193/lib/ruby/gems/1.9.1/gems/liquid-2.5.0/lib/liquid/tags/if.rb:24:in `initialize'
C:/Ruby193/lib/ruby/gems/1.9.1/gems/liquid-2.5.0/lib/liquid/block.rb:28:in `new'
C:/Ruby193/lib/ruby/gems/1.9.1/gems/liquid-2.5.0/lib/liquid/block.rb:28:in `parse'
C:/Ruby193/lib/ruby/gems/1.9.1/gems/liquid-2.5.0/lib/liquid/tag.rb:10:in `initialize'
C:/Ruby193/lib/ruby/gems/1.9.1/gems/liquid-2.5.0/lib/liquid/tags/if.rb:24:in `initialize'
C:/Ruby193/lib/ruby/gems/1.9.1/gems/liquid-2.5.0/lib/liquid/block.rb:28:in `new'
C:/Ruby193/lib/ruby/gems/1.9.1/gems/liquid-2.5.0/lib/liquid/block.rb:28:in `parse'
C:/Ruby193/lib/ruby/gems/1.9.1/gems/liquid-2.5.0/lib/liquid/tag.rb:10:in `initialize'
C:/Ruby193/lib/ruby/gems/1.9.1/gems/liquid-2.5.0/lib/liquid/tags/for.rb:64:in `initialize'
C:/Ruby193/lib/ruby/gems/1.9.1/gems/liquid-2.5.0/lib/liquid/block.rb:28:in `new'
C:/Ruby193/lib/ruby/gems/1.9.1/gems/liquid-2.5.0/lib/liquid/block.rb:28:in `parse'
C:/Ruby193/lib/ruby/gems/1.9.1/gems/liquid-2.5.0/lib/liquid/document.rb:5:in `initialize'
C:/Ruby193/lib/ruby/gems/1.9.1/gems/liquid-2.5.0/lib/liquid/template.rb:58:in `new'
C:/Ruby193/lib/ruby/gems/1.9.1/gems/liquid-2.5.0/lib/liquid/template.rb:58:in `parse'
C:/Ruby193/lib/ruby/gems/1.9.1/gems/liquid-2.5.0/lib/liquid/template.rb:46:in `parse'
C:/Ruby193/lib/ruby/gems/1.9.1/gems/jekyll-0.12.1/lib/jekyll/tags/include.rb:24:in `block in render'
C:/Ruby193/lib/ruby/gems/1.9.1/gems/jekyll-0.12.1/lib/jekyll/tags/include.rb:20:in `chdir'
C:/Ruby193/lib/ruby/gems/1.9.1/gems/jekyll-0.12.1/lib/jekyll/tags/include.rb:20:in `render'
C:/Ruby193/lib/ruby/gems/1.9.1/gems/liquid-2.5.0/lib/liquid/block.rb:106:in `block in render_all'
C:/Ruby193/lib/ruby/gems/1.9.1/gems/liquid-2.5.0/lib/liquid/block.rb:93:in `each'
C:/Ruby193/lib/ruby/gems/1.9.1/gems/liquid-2.5.0/lib/liquid/block.rb:93:in `render_all'
C:/Ruby193/lib/ruby/gems/1.9.1/gems/liquid-2.5.0/lib/liquid/block.rb:82:in `render'
C:/Ruby193/lib/ruby/gems/1.9.1/gems/liquid-2.5.0/lib/liquid/template.rb:124:in `render'
C:/Ruby193/lib/ruby/gems/1.9.1/gems/liquid-2.5.0/lib/liquid/template.rb:132:in `render!'
C:/Ruby193/lib/ruby/gems/1.9.1/gems/jekyll-0.12.1/lib/jekyll/convertible.rb:101:in `do_layout'
C:/Ruby193/lib/ruby/gems/1.9.1/gems/jekyll-0.12.1/lib/jekyll/post.rb:195:in `render'
C:/Ruby193/lib/ruby/gems/1.9.1/gems/jekyll-0.12.1/lib/jekyll/site.rb:200:in `block in render'
C:/Ruby193/lib/ruby/gems/1.9.1/gems/jekyll-0.12.1/lib/jekyll/site.rb:199:in `each'
C:/Ruby193/lib/ruby/gems/1.9.1/gems/jekyll-0.12.1/lib/jekyll/site.rb:199:in `render'
C:/Ruby193/lib/ruby/gems/1.9.1/gems/jekyll-0.12.1/lib/jekyll/site.rb:41:in `process'
C:/Ruby193/lib/ruby/gems/1.9.1/gems/jekyll-0.12.1/bin/jekyll:253:in `block in <top (required)>'
C:/Ruby193/lib/ruby/gems/1.9.1/gems/directory_watcher-1.5.1/lib/directory_watcher/notifier.rb:45:in `call'
C:/Ruby193/lib/ruby/gems/1.9.1/gems/directory_watcher-1.5.1/lib/directory_watcher/notifier.rb:45:in `send_event_to_observer'
C:/Ruby193/lib/ruby/gems/1.9.1/gems/directory_watcher-1.5.1/lib/directory_watcher/notifier.rb:27:in `block in run'
C:/Ruby193/lib/ruby/gems/1.9.1/gems/directory_watcher-1.5.1/lib/directory_watcher/notifier.rb:26:in `each'
C:/Ruby193/lib/ruby/gems/1.9.1/gems/directory_watcher-1.5.1/lib/directory_watcher/notifier.rb:26:in `run'
C:/Ruby193/lib/ruby/gems/1.9.1/gems/directory_watcher-1.5.1/lib/directory_watcher/threaded.rb:258:in `do_work'
C:/Ruby193/lib/ruby/gems/1.9.1/gems/directory_watcher-1.5.1/lib/directory_watcher/threaded.rb:231:in `block in run'
C:/Ruby193/lib/ruby/gems/1.9.1/gems/directory_watcher-1.5.1/lib/directory_watcher/threaded.rb:228:in `loop'
C:/Ruby193/lib/ruby/gems/1.9.1/gems/directory_watcher-1.5.1/lib/directory_watcher/threaded.rb:228:in `run'
C:/Ruby193/lib/ruby/gems/1.9.1/gems/directory_watcher-1.5.1/lib/directory_watcher/threaded.rb:218:in `block in start'
[2013-05-06 10:55:16] regeneration: 1 files changed
Liquid Exception: Unknown tag 'endfor' in post2
C:/Ruby193/lib/ruby/gems/1.9.1/gems/liquid-2.5.0/lib/liquid/block.rb:62:in `unknown_tag'
C:/Ruby193/lib/ruby/gems/1.9.1/gems/liquid-2.5.0/lib/liquid/tags/if.rb:31:in `unknown_tag'
C:/Ruby193/lib/ruby/gems/1.9.1/gems/liquid-2.5.0/lib/liquid/block.rb:32:in `parse'
C:/Ruby193/lib/ruby/gems/1.9.1/gems/liquid-2.5.0/lib/liquid/tag.rb:10:in `initialize'
C:/Ruby193/lib/ruby/gems/1.9.1/gems/liquid-2.5.0/lib/liquid/tags/if.rb:24:in `initialize'
C:/Ruby193/lib/ruby/gems/1.9.1/gems/liquid-2.5.0/lib/liquid/block.rb:28:in `new'
C:/Ruby193/lib/ruby/gems/1.9.1/gems/liquid-2.5.0/lib/liquid/block.rb:28:in `parse'
C:/Ruby193/lib/ruby/gems/1.9.1/gems/liquid-2.5.0/lib/liquid/tag.rb:10:in `initialize'
C:/Ruby193/lib/ruby/gems/1.9.1/gems/liquid-2.5.0/lib/liquid/tags/if.rb:24:in `initialize'
C:/Ruby193/lib/ruby/gems/1.9.1/gems/liquid-2.5.0/lib/liquid/block.rb:28:in `new'
C:/Ruby193/lib/ruby/gems/1.9.1/gems/liquid-2.5.0/lib/liquid/block.rb:28:in `parse'
C:/Ruby193/lib/ruby/gems/1.9.1/gems/liquid-2.5.0/lib/liquid/tag.rb:10:in `initialize'
C:/Ruby193/lib/ruby/gems/1.9.1/gems/liquid-2.5.0/lib/liquid/tags/for.rb:64:in `initialize'
C:/Ruby193/lib/ruby/gems/1.9.1/gems/liquid-2.5.0/lib/liquid/block.rb:28:in `new'
C:/Ruby193/lib/ruby/gems/1.9.1/gems/liquid-2.5.0/lib/liquid/block.rb:28:in `parse'
C:/Ruby193/lib/ruby/gems/1.9.1/gems/liquid-2.5.0/lib/liquid/document.rb:5:in `initialize'
C:/Ruby193/lib/ruby/gems/1.9.1/gems/liquid-2.5.0/lib/liquid/template.rb:58:in `new'
C:/Ruby193/lib/ruby/gems/1.9.1/gems/liquid-2.5.0/lib/liquid/template.rb:58:in `parse'
C:/Ruby193/lib/ruby/gems/1.9.1/gems/liquid-2.5.0/lib/liquid/template.rb:46:in `parse'
C:/Ruby193/lib/ruby/gems/1.9.1/gems/jekyll-0.12.1/lib/jekyll/tags/include.rb:24:in `block in render'
C:/Ruby193/lib/ruby/gems/1.9.1/gems/jekyll-0.12.1/lib/jekyll/tags/include.rb:20:in `chdir'
C:/Ruby193/lib/ruby/gems/1.9.1/gems/jekyll-0.12.1/lib/jekyll/tags/include.rb:20:in `render'
C:/Ruby193/lib/ruby/gems/1.9.1/gems/liquid-2.5.0/lib/liquid/block.rb:106:in `block in render_all'
C:/Ruby193/lib/ruby/gems/1.9.1/gems/liquid-2.5.0/lib/liquid/block.rb:93:in `each'
C:/Ruby193/lib/ruby/gems/1.9.1/gems/liquid-2.5.0/lib/liquid/block.rb:93:in `render_all'
C:/Ruby193/lib/ruby/gems/1.9.1/gems/liquid-2.5.0/lib/liquid/block.rb:82:in `render'
C:/Ruby193/lib/ruby/gems/1.9.1/gems/liquid-2.5.0/lib/liquid/template.rb:124:in `render'
C:/Ruby193/lib/ruby/gems/1.9.1/gems/liquid-2.5.0/lib/liquid/template.rb:132:in `render!'
C:/Ruby193/lib/ruby/gems/1.9.1/gems/jekyll-0.12.1/lib/jekyll/convertible.rb:101:in `do_layout'
C:/Ruby193/lib/ruby/gems/1.9.1/gems/jekyll-0.12.1/lib/jekyll/post.rb:195:in `render'
C:/Ruby193/lib/ruby/gems/1.9.1/gems/jekyll-0.12.1/lib/jekyll/site.rb:200:in `block in render'
C:/Ruby193/lib/ruby/gems/1.9.1/gems/jekyll-0.12.1/lib/jekyll/site.rb:199:in `each'
C:/Ruby193/lib/ruby/gems/1.9.1/gems/jekyll-0.12.1/lib/jekyll/site.rb:199:in `render'
C:/Ruby193/lib/ruby/gems/1.9.1/gems/jekyll-0.12.1/lib/jekyll/site.rb:41:in `process'
C:/Ruby193/lib/ruby/gems/1.9.1/gems/jekyll-0.12.1/bin/jekyll:253:in `block in <top (required)>'
C:/Ruby193/lib/ruby/gems/1.9.1/gems/directory_watcher-1.5.1/lib/directory_watcher/notifier.rb:45:in `call'
C:/Ruby193/lib/ruby/gems/1.9.1/gems/directory_watcher-1.5.1/lib/directory_watcher/notifier.rb:45:in `send_event_to_observer'
C:/Ruby193/lib/ruby/gems/1.9.1/gems/directory_watcher-1.5.1/lib/directory_watcher/notifier.rb:27:in `block in run'
C:/Ruby193/lib/ruby/gems/1.9.1/gems/directory_watcher-1.5.1/lib/directory_watcher/notifier.rb:26:in `each'
C:/Ruby193/lib/ruby/gems/1.9.1/gems/directory_watcher-1.5.1/lib/directory_watcher/notifier.rb:26:in `run'
C:/Ruby193/lib/ruby/gems/1.9.1/gems/directory_watcher-1.5.1/lib/directory_watcher/threaded.rb:258:in `do_work'
C:/Ruby193/lib/ruby/gems/1.9.1/gems/directory_watcher-1.5.1/lib/directory_watcher/threaded.rb:231:in `block in run'
C:/Ruby193/lib/ruby/gems/1.9.1/gems/directory_watcher-1.5.1/lib/directory_watcher/threaded.rb:228:in `loop'
C:/Ruby193/lib/ruby/gems/1.9.1/gems/directory_watcher-1.5.1/lib/directory_watcher/threaded.rb:228:in `run'
C:/Ruby193/lib/ruby/gems/1.9.1/gems/directory_watcher-1.5.1/lib/directory_watcher/threaded.rb:218:in `block in start'
[2013-05-06 10:55:16] regeneration: 1 files changed
Liquid Exception: Unknown tag 'endfor' in post2
C:/Ruby193/lib/ruby/gems/1.9.1/gems/liquid-2.5.0/lib/liquid/block.rb:62:in `unknown_tag'
C:/Ruby193/lib/ruby/gems/1.9.1/gems/liquid-2.5.0/lib/liquid/tags/if.rb:31:in `unknown_tag'
C:/Ruby193/lib/ruby/gems/1.9.1/gems/liquid-2.5.0/lib/liquid/block.rb:32:in `parse'
C:/Ruby193/lib/ruby/gems/1.9.1/gems/liquid-2.5.0/lib/liquid/tag.rb:10:in `initialize'
C:/Ruby193/lib/ruby/gems/1.9.1/gems/liquid-2.5.0/lib/liquid/tags/if.rb:24:in `initialize'
C:/Ruby193/lib/ruby/gems/1.9.1/gems/liquid-2.5.0/lib/liquid/block.rb:28:in `new'
C:/Ruby193/lib/ruby/gems/1.9.1/gems/liquid-2.5.0/lib/liquid/block.rb:28:in `parse'
C:/Ruby193/lib/ruby/gems/1.9.1/gems/liquid-2.5.0/lib/liquid/tag.rb:10:in `initialize'
C:/Ruby193/lib/ruby/gems/1.9.1/gems/liquid-2.5.0/lib/liquid/tags/if.rb:24:in `initialize'
C:/Ruby193/lib/ruby/gems/1.9.1/gems/liquid-2.5.0/lib/liquid/block.rb:28:in `new'
C:/Ruby193/lib/ruby/gems/1.9.1/gems/liquid-2.5.0/lib/liquid/block.rb:28:in `parse'
C:/Ruby193/lib/ruby/gems/1.9.1/gems/liquid-2.5.0/lib/liquid/tag.rb:10:in `initialize'
C:/Ruby193/lib/ruby/gems/1.9.1/gems/liquid-2.5.0/lib/liquid/tags/for.rb:64:in `initialize'
C:/Ruby193/lib/ruby/gems/1.9.1/gems/liquid-2.5.0/lib/liquid/block.rb:28:in `new'
C:/Ruby193/lib/ruby/gems/1.9.1/gems/liquid-2.5.0/lib/liquid/block.rb:28:in `parse'
C:/Ruby193/lib/ruby/gems/1.9.1/gems/liquid-2.5.0/lib/liquid/document.rb:5:in `initialize'
C:/Ruby193/lib/ruby/gems/1.9.1/gems/liquid-2.5.0/lib/liquid/template.rb:58:in `new'
C:/Ruby193/lib/ruby/gems/1.9.1/gems/liquid-2.5.0/lib/liquid/template.rb:58:in `parse'
C:/Ruby193/lib/ruby/gems/1.9.1/gems/liquid-2.5.0/lib/liquid/template.rb:46:in `parse'
C:/Ruby193/lib/ruby/gems/1.9.1/gems/jekyll-0.12.1/lib/jekyll/tags/include.rb:24:in `block in render'
C:/Ruby193/lib/ruby/gems/1.9.1/gems/jekyll-0.12.1/lib/jekyll/tags/include.rb:20:in `chdir'
C:/Ruby193/lib/ruby/gems/1.9.1/gems/jekyll-0.12.1/lib/jekyll/tags/include.rb:20:in `render'
C:/Ruby193/lib/ruby/gems/1.9.1/gems/liquid-2.5.0/lib/liquid/block.rb:106:in `block in render_all'
C:/Ruby193/lib/ruby/gems/1.9.1/gems/liquid-2.5.0/lib/liquid/block.rb:93:in `each'
C:/Ruby193/lib/ruby/gems/1.9.1/gems/liquid-2.5.0/lib/liquid/block.rb:93:in `render_all'
C:/Ruby193/lib/ruby/gems/1.9.1/gems/liquid-2.5.0/lib/liquid/block.rb:82:in `render'
C:/Ruby193/lib/ruby/gems/1.9.1/gems/liquid-2.5.0/lib/liquid/template.rb:124:in `render'
C:/Ruby193/lib/ruby/gems/1.9.1/gems/liquid-2.5.0/lib/liquid/template.rb:132:in `render!'
C:/Ruby193/lib/ruby/gems/1.9.1/gems/jekyll-0.12.1/lib/jekyll/convertible.rb:101:in `do_layout'
C:/Ruby193/lib/ruby/gems/1.9.1/gems/jekyll-0.12.1/lib/jekyll/post.rb:195:in `render'
C:/Ruby193/lib/ruby/gems/1.9.1/gems/jekyll-0.12.1/lib/jekyll/site.rb:200:in `block in render'
C:/Ruby193/lib/ruby/gems/1.9.1/gems/jekyll-0.12.1/lib/jekyll/site.rb:199:in `each'
C:/Ruby193/lib/ruby/gems/1.9.1/gems/jekyll-0.12.1/lib/jekyll/site.rb:199:in `render'
C:/Ruby193/lib/ruby/gems/1.9.1/gems/jekyll-0.12.1/lib/jekyll/site.rb:41:in `process'
C:/Ruby193/lib/ruby/gems/1.9.1/gems/jekyll-0.12.1/bin/jekyll:253:in `block in <top (required)>'
C:/Ruby193/lib/ruby/gems/1.9.1/gems/directory_watcher-1.5.1/lib/directory_watcher/notifier.rb:45:in `call'
C:/Ruby193/lib/ruby/gems/1.9.1/gems/directory_watcher-1.5.1/lib/directory_watcher/notifier.rb:45:in `send_event_to_observer'
C:/Ruby193/lib/ruby/gems/1.9.1/gems/directory_watcher-1.5.1/lib/directory_watcher/notifier.rb:27:in `block in run'
C:/Ruby193/lib/ruby/gems/1.9.1/gems/directory_watcher-1.5.1/lib/directory_watcher/notifier.rb:26:in `each'
C:/Ruby193/lib/ruby/gems/1.9.1/gems/directory_watcher-1.5.1/lib/directory_watcher/notifier.rb:26:in `run'
C:/Ruby193/lib/ruby/gems/1.9.1/gems/directory_watcher-1.5.1/lib/directory_watcher/threaded.rb:258:in `do_work'
C:/Ruby193/lib/ruby/gems/1.9.1/gems/directory_watcher-1.5.1/lib/directory_watcher/threaded.rb:231:in `block in run'
C:/Ruby193/lib/ruby/gems/1.9.1/gems/directory_watcher-1.5.1/lib/directory_watcher/threaded.rb:228:in `loop'
C:/Ruby193/lib/ruby/gems/1.9.1/gems/directory_watcher-1.5.1/lib/directory_watcher/threaded.rb:228:in `run'
C:/Ruby193/lib/ruby/gems/1.9.1/gems/directory_watcher-1.5.1/lib/directory_watcher/threaded.rb:218:in `block in start'
[2013-05-06 10:55:16] regeneration: 1 files changed
Liquid Exception: Unknown tag 'endfor' in post2
C:/Ruby193/lib/ruby/gems/1.9.1/gems/liquid-2.5.0/lib/liquid/block.rb:62:in `unknown_tag'
C:/Ruby193/lib/ruby/gems/1.9.1/gems/liquid-2.5.0/lib/liquid/tags/if.rb:31:in `unknown_tag'
C:/Ruby193/lib/ruby/gems/1.9.1/gems/liquid-2.5.0/lib/liquid/block.rb:32:in `parse'
C:/Ruby193/lib/ruby/gems/1.9.1/gems/liquid-2.5.0/lib/liquid/tag.rb:10:in `initialize'
C:/Ruby193/lib/ruby/gems/1.9.1/gems/liquid-2.5.0/lib/liquid/tags/if.rb:24:in `initialize'
C:/Ruby193/lib/ruby/gems/1.9.1/gems/liquid-2.5.0/lib/liquid/block.rb:28:in `new'
C:/Ruby193/lib/ruby/gems/1.9.1/gems/liquid-2.5.0/lib/liquid/block.rb:28:in `parse'
C:/Ruby193/lib/ruby/gems/1.9.1/gems/liquid-2.5.0/lib/liquid/tag.rb:10:in `initialize'
C:/Ruby193/lib/ruby/gems/1.9.1/gems/liquid-2.5.0/lib/liquid/tags/if.rb:24:in `initialize'
C:/Ruby193/lib/ruby/gems/1.9.1/gems/liquid-2.5.0/lib/liquid/block.rb:28:in `new'
C:/Ruby193/lib/ruby/gems/1.9.1/gems/liquid-2.5.0/lib/liquid/block.rb:28:in `parse'
C:/Ruby193/lib/ruby/gems/1.9.1/gems/liquid-2.5.0/lib/liquid/tag.rb:10:in `initialize'
C:/Ruby193/lib/ruby/gems/1.9.1/gems/liquid-2.5.0/lib/liquid/tags/for.rb:64:in `initialize'
C:/Ruby193/lib/ruby/gems/1.9.1/gems/liquid-2.5.0/lib/liquid/block.rb:28:in `new'
C:/Ruby193/lib/ruby/gems/1.9.1/gems/liquid-2.5.0/lib/liquid/block.rb:28:in `parse'
C:/Ruby193/lib/ruby/gems/1.9.1/gems/liquid-2.5.0/lib/liquid/document.rb:5:in `initialize'
C:/Ruby193/lib/ruby/gems/1.9.1/gems/liquid-2.5.0/lib/liquid/template.rb:58:in `new'
C:/Ruby193/lib/ruby/gems/1.9.1/gems/liquid-2.5.0/lib/liquid/template.rb:58:in `parse'
C:/Ruby193/lib/ruby/gems/1.9.1/gems/liquid-2.5.0/lib/liquid/template.rb:46:in `parse'
C:/Ruby193/lib/ruby/gems/1.9.1/gems/jekyll-0.12.1/lib/jekyll/tags/include.rb:24:in `block in render'
C:/Ruby193/lib/ruby/gems/1.9.1/gems/jekyll-0.12.1/lib/jekyll/tags/include.rb:20:in `chdir'
C:/Ruby193/lib/ruby/gems/1.9.1/gems/jekyll-0.12.1/lib/jekyll/tags/include.rb:20:in `render'
C:/Ruby193/lib/ruby/gems/1.9.1/gems/liquid-2.5.0/lib/liquid/block.rb:106:in `block in render_all'
C:/Ruby193/lib/ruby/gems/1.9.1/gems/liquid-2.5.0/lib/liquid/block.rb:93:in `each'
C:/Ruby193/lib/ruby/gems/1.9.1/gems/liquid-2.5.0/lib/liquid/block.rb:93:in `render_all'
C:/Ruby193/lib/ruby/gems/1.9.1/gems/liquid-2.5.0/lib/liquid/block.rb:82:in `render'
C:/Ruby193/lib/ruby/gems/1.9.1/gems/liquid-2.5.0/lib/liquid/template.rb:124:in `render'
C:/Ruby193/lib/ruby/gems/1.9.1/gems/liquid-2.5.0/lib/liquid/template.rb:132:in `render!'
C:/Ruby193/lib/ruby/gems/1.9.1/gems/jekyll-0.12.1/lib/jekyll/convertible.rb:101:in `do_layout'
C:/Ruby193/lib/ruby/gems/1.9.1/gems/jekyll-0.12.1/lib/jekyll/post.rb:195:in `render'
C:/Ruby193/lib/ruby/gems/1.9.1/gems/jekyll-0.12.1/lib/jekyll/site.rb:200:in `block in render'
C:/Ruby193/lib/ruby/gems/1.9.1/gems/jekyll-0.12.1/lib/jekyll/site.rb:199:in `each'
C:/Ruby193/lib/ruby/gems/1.9.1/gems/jekyll-0.12.1/lib/jekyll/site.rb:199:in `render'
C:/Ruby193/lib/ruby/gems/1.9.1/gems/jekyll-0.12.1/lib/jekyll/site.rb:41:in `process'
C:/Ruby193/lib/ruby/gems/1.9.1/gems/jekyll-0.12.1/bin/jekyll:253:in `block in <top (required)>'
C:/Ruby193/lib/ruby/gems/1.9.1/gems/directory_watcher-1.5.1/lib/directory_watcher/notifier.rb:45:in `call'
C:/Ruby193/lib/ruby/gems/1.9.1/gems/directory_watcher-1.5.1/lib/directory_watcher/notifier.rb:45:in `send_event_to_observer'
C:/Ruby193/lib/ruby/gems/1.9.1/gems/directory_watcher-1.5.1/lib/directory_watcher/notifier.rb:27:in `block in run'
C:/Ruby193/lib/ruby/gems/1.9.1/gems/directory_watcher-1.5.1/lib/directory_watcher/notifier.rb:26:in `each'
C:/Ruby193/lib/ruby/gems/1.9.1/gems/directory_watcher-1.5.1/lib/directory_watcher/notifier.rb:26:in `run'
C:/Ruby193/lib/ruby/gems/1.9.1/gems/directory_watcher-1.5.1/lib/directory_watcher/threaded.rb:258:in `do_work'
C:/Ruby193/lib/ruby/gems/1.9.1/gems/directory_watcher-1.5.1/lib/directory_watcher/threaded.rb:231:in `block in run'
C:/Ruby193/lib/ruby/gems/1.9.1/gems/directory_watcher-1.5.1/lib/directory_watcher/threaded.rb:228:in `loop'
C:/Ruby193/lib/ruby/gems/1.9.1/gems/directory_watcher-1.5.1/lib/directory_watcher/threaded.rb:228:in `run'
C:/Ruby193/lib/ruby/gems/1.9.1/gems/directory_watcher-1.5.1/lib/directory_watcher/threaded.rb:218:in `block in start'
[2013-05-06 10:55:16] regeneration: 1 files changed
Liquid Exception: Unknown tag 'endfor' in post2
C:/Ruby193/lib/ruby/gems/1.9.1/gems/liquid-2.5.0/lib/liquid/block.rb:62:in `unknown_tag'
C:/Ruby193/lib/ruby/gems/1.9.1/gems/liquid-2.5.0/lib/liquid/tags/if.rb:31:in `unknown_tag'
C:/Ruby193/lib/ruby/gems/1.9.1/gems/liquid-2.5.0/lib/liquid/block.rb:32:in `parse'
C:/Ruby193/lib/ruby/gems/1.9.1/gems/liquid-2.5.0/lib/liquid/tag.rb:10:in `initialize'
C:/Ruby193/lib/ruby/gems/1.9.1/gems/liquid-2.5.0/lib/liquid/tags/if.rb:24:in `initialize'
C:/Ruby193/lib/ruby/gems/1.9.1/gems/liquid-2.5.0/lib/liquid/block.rb:28:in `new'
C:/Ruby193/lib/ruby/gems/1.9.1/gems/liquid-2.5.0/lib/liquid/block.rb:28:in `parse'
C:/Ruby193/lib/ruby/gems/1.9.1/gems/liquid-2.5.0/lib/liquid/tag.rb:10:in `initialize'
C:/Ruby193/lib/ruby/gems/1.9.1/gems/liquid-2.5.0/lib/liquid/tags/if.rb:24:in `initialize'
C:/Ruby193/lib/ruby/gems/1.9.1/gems/liquid-2.5.0/lib/liquid/block.rb:28:in `new'
C:/Ruby193/lib/ruby/gems/1.9.1/gems/liquid-2.5.0/lib/liquid/block.rb:28:in `parse'
C:/Ruby193/lib/ruby/gems/1.9.1/gems/liquid-2.5.0/lib/liquid/tag.rb:10:in `initialize'
C:/Ruby193/lib/ruby/gems/1.9.1/gems/liquid-2.5.0/lib/liquid/tags/for.rb:64:in `initialize'
C:/Ruby193/lib/ruby/gems/1.9.1/gems/liquid-2.5.0/lib/liquid/block.rb:28:in `new'
C:/Ruby193/lib/ruby/gems/1.9.1/gems/liquid-2.5.0/lib/liquid/block.rb:28:in `parse'
C:/Ruby193/lib/ruby/gems/1.9.1/gems/liquid-2.5.0/lib/liquid/document.rb:5:in `initialize'
C:/Ruby193/lib/ruby/gems/1.9.1/gems/liquid-2.5.0/lib/liquid/template.rb:58:in `new'
C:/Ruby193/lib/ruby/gems/1.9.1/gems/liquid-2.5.0/lib/liquid/template.rb:58:in `parse'
C:/Ruby193/lib/ruby/gems/1.9.1/gems/liquid-2.5.0/lib/liquid/template.rb:46:in `parse'
C:/Ruby193/lib/ruby/gems/1.9.1/gems/jekyll-0.12.1/lib/jekyll/tags/include.rb:24:in `block in render'
C:/Ruby193/lib/ruby/gems/1.9.1/gems/jekyll-0.12.1/lib/jekyll/tags/include.rb:20:in `chdir'
C:/Ruby193/lib/ruby/gems/1.9.1/gems/jekyll-0.12.1/lib/jekyll/tags/include.rb:20:in `render'
C:/Ruby193/lib/ruby/gems/1.9.1/gems/liquid-2.5.0/lib/liquid/block.rb:106:in `block in render_all'
C:/Ruby193/lib/ruby/gems/1.9.1/gems/liquid-2.5.0/lib/liquid/block.rb:93:in `each'
C:/Ruby193/lib/ruby/gems/1.9.1/gems/liquid-2.5.0/lib/liquid/block.rb:93:in `render_all'
C:/Ruby193/lib/ruby/gems/1.9.1/gems/liquid-2.5.0/lib/liquid/block.rb:82:in `render'
C:/Ruby193/lib/ruby/gems/1.9.1/gems/liquid-2.5.0/lib/liquid/template.rb:124:in `render'
C:/Ruby193/lib/ruby/gems/1.9.1/gems/liquid-2.5.0/lib/liquid/template.rb:132:in `render!'
C:/Ruby193/lib/ruby/gems/1.9.1/gems/jekyll-0.12.1/lib/jekyll/convertible.rb:101:in `do_layout'
C:/Ruby193/lib/ruby/gems/1.9.1/gems/jekyll-0.12.1/lib/jekyll/post.rb:195:in `render'
C:/Ruby193/lib/ruby/gems/1.9.1/gems/jekyll-0.12.1/lib/jekyll/site.rb:200:in `block in render'
C:/Ruby193/lib/ruby/gems/1.9.1/gems/jekyll-0.12.1/lib/jekyll/site.rb:199:in `each'
C:/Ruby193/lib/ruby/gems/1.9.1/gems/jekyll-0.12.1/lib/jekyll/site.rb:199:in `render'
C:/Ruby193/lib/ruby/gems/1.9.1/gems/jekyll-0.12.1/lib/jekyll/site.rb:41:in `process'
C:/Ruby193/lib/ruby/gems/1.9.1/gems/jekyll-0.12.1/bin/jekyll:253:in `block in <top (required)>'
C:/Ruby193/lib/ruby/gems/1.9.1/gems/directory_watcher-1.5.1/lib/directory_watcher/notifier.rb:45:in `call'
C:/Ruby193/lib/ruby/gems/1.9.1/gems/directory_watcher-1.5.1/lib/directory_watcher/notifier.rb:45:in `send_event_to_observer'
C:/Ruby193/lib/ruby/gems/1.9.1/gems/directory_watcher-1.5.1/lib/directory_watcher/notifier.rb:27:in `block in run'
C:/Ruby193/lib/ruby/gems/1.9.1/gems/directory_watcher-1.5.1/lib/directory_watcher/notifier.rb:26:in `each'
C:/Ruby193/lib/ruby/gems/1.9.1/gems/directory_watcher-1.5.1/lib/directory_watcher/notifier.rb:26:in `run'
C:/Ruby193/lib/ruby/gems/1.9.1/gems/directory_watcher-1.5.1/lib/directory_watcher/threaded.rb:258:in `do_work'
C:/Ruby193/lib/ruby/gems/1.9.1/gems/directory_watcher-1.5.1/lib/directory_watcher/threaded.rb:231:in `block in run'
C:/Ruby193/lib/ruby/gems/1.9.1/gems/directory_watcher-1.5.1/lib/directory_watcher/threaded.rb:228:in `loop'
C:/Ruby193/lib/ruby/gems/1.9.1/gems/directory_watcher-1.5.1/lib/directory_watcher/threaded.rb:228:in `run'
C:/Ruby193/lib/ruby/gems/1.9.1/gems/directory_watcher-1.5.1/lib/directory_watcher/threaded.rb:218:in `block in start'
[2013-05-06 10:55:16] regeneration: 1 files changed
Liquid Exception: Unknown tag 'endfor' in post2
C:/Ruby193/lib/ruby/gems/1.9.1/gems/liquid-2.5.0/lib/liquid/block.rb:62:in `unknown_tag'
C:/Ruby193/lib/ruby/gems/1.9.1/gems/liquid-2.5.0/lib/liquid/tags/if.rb:31:in `unknown_tag'
C:/Ruby193/lib/ruby/gems/1.9.1/gems/liquid-2.5.0/lib/liquid/block.rb:32:in `parse'
C:/Ruby193/lib/ruby/gems/1.9.1/gems/liquid-2.5.0/lib/liquid/tag.rb:10:in `initialize'
C:/Ruby193/lib/ruby/gems/1.9.1/gems/liquid-2.5.0/lib/liquid/tags/if.rb:24:in `initialize'
C:/Ruby193/lib/ruby/gems/1.9.1/gems/liquid-2.5.0/lib/liquid/block.rb:28:in `new'
C:/Ruby193/lib/ruby/gems/1.9.1/gems/liquid-2.5.0/lib/liquid/block.rb:28:in `parse'
C:/Ruby193/lib/ruby/gems/1.9.1/gems/liquid-2.5.0/lib/liquid/tag.rb:10:in `initialize'
C:/Ruby193/lib/ruby/gems/1.9.1/gems/liquid-2.5.0/lib/liquid/tags/if.rb:24:in `initialize'
C:/Ruby193/lib/ruby/gems/1.9.1/gems/liquid-2.5.0/lib/liquid/block.rb:28:in `new'
C:/Ruby193/lib/ruby/gems/1.9.1/gems/liquid-2.5.0/lib/liquid/block.rb:28:in `parse'
C:/Ruby193/lib/ruby/gems/1.9.1/gems/liquid-2.5.0/lib/liquid/tag.rb:10:in `initialize'
C:/Ruby193/lib/ruby/gems/1.9.1/gems/liquid-2.5.0/lib/liquid/tags/for.rb:64:in `initialize'
C:/Ruby193/lib/ruby/gems/1.9.1/gems/liquid-2.5.0/lib/liquid/block.rb:28:in `new'
C:/Ruby193/lib/ruby/gems/1.9.1/gems/liquid-2.5.0/lib/liquid/block.rb:28:in `parse'
C:/Ruby193/lib/ruby/gems/1.9.1/gems/liquid-2.5.0/lib/liquid/document.rb:5:in `initialize'
C:/Ruby193/lib/ruby/gems/1.9.1/gems/liquid-2.5.0/lib/liquid/template.rb:58:in `new'
C:/Ruby193/lib/ruby/gems/1.9.1/gems/liquid-2.5.0/lib/liquid/template.rb:58:in `parse'
C:/Ruby193/lib/ruby/gems/1.9.1/gems/liquid-2.5.0/lib/liquid/template.rb:46:in `parse'
C:/Ruby193/lib/ruby/gems/1.9.1/gems/jekyll-0.12.1/lib/jekyll/tags/include.rb:24:in `block in render'
C:/Ruby193/lib/ruby/gems/1.9.1/gems/jekyll-0.12.1/lib/jekyll/tags/include.rb:20:in `chdir'
C:/Ruby193/lib/ruby/gems/1.9.1/gems/jekyll-0.12.1/lib/jekyll/tags/include.rb:20:in `render'
C:/Ruby193/lib/ruby/gems/1.9.1/gems/liquid-2.5.0/lib/liquid/block.rb:106:in `block in render_all'
C:/Ruby193/lib/ruby/gems/1.9.1/gems/liquid-2.5.0/lib/liquid/block.rb:93:in `each'
C:/Ruby193/lib/ruby/gems/1.9.1/gems/liquid-2.5.0/lib/liquid/block.rb:93:in `render_all'
C:/Ruby193/lib/ruby/gems/1.9.1/gems/liquid-2.5.0/lib/liquid/block.rb:82:in `render'
C:/Ruby193/lib/ruby/gems/1.9.1/gems/liquid-2.5.0/lib/liquid/template.rb:124:in `render'
C:/Ruby193/lib/ruby/gems/1.9.1/gems/liquid-2.5.0/lib/liquid/template.rb:132:in `render!'
C:/Ruby193/lib/ruby/gems/1.9.1/gems/jekyll-0.12.1/lib/jekyll/convertible.rb:101:in `do_layout'
C:/Ruby193/lib/ruby/gems/1.9.1/gems/jekyll-0.12.1/lib/jekyll/post.rb:195:in `render'
C:/Ruby193/lib/ruby/gems/1.9.1/gems/jekyll-0.12.1/lib/jekyll/site.rb:200:in `block in render'
C:/Ruby193/lib/ruby/gems/1.9.1/gems/jekyll-0.12.1/lib/jekyll/site.rb:199:in `each'
C:/Ruby193/lib/ruby/gems/1.9.1/gems/jekyll-0.12.1/lib/jekyll/site.rb:199:in `render'
C:/Ruby193/lib/ruby/gems/1.9.1/gems/jekyll-0.12.1/lib/jekyll/site.rb:41:in `process'
C:/Ruby193/lib/ruby/gems/1.9.1/gems/jekyll-0.12.1/bin/jekyll:253:in `block in <top (required)>'
C:/Ruby193/lib/ruby/gems/1.9.1/gems/directory_watcher-1.5.1/lib/directory_watcher/notifier.rb:45:in `call'
C:/Ruby193/lib/ruby/gems/1.9.1/gems/directory_watcher-1.5.1/lib/directory_watcher/notifier.rb:45:in `send_event_to_observer'
C:/Ruby193/lib/ruby/gems/1.9.1/gems/directory_watcher-1.5.1/lib/directory_watcher/notifier.rb:27:in `block in run'
C:/Ruby193/lib/ruby/gems/1.9.1/gems/directory_watcher-1.5.1/lib/directory_watcher/notifier.rb:26:in `each'
C:/Ruby193/lib/ruby/gems/1.9.1/gems/directory_watcher-1.5.1/lib/directory_watcher/notifier.rb:26:in `run'
C:/Ruby193/lib/ruby/gems/1.9.1/gems/directory_watcher-1.5.1/lib/directory_watcher/threaded.rb:258:in `do_work'
C:/Ruby193/lib/ruby/gems/1.9.1/gems/directory_watcher-1.5.1/lib/directory_watcher/threaded.rb:231:in `block in run'
C:/Ruby193/lib/ruby/gems/1.9.1/gems/directory_watcher-1.5.1/lib/directory_watcher/threaded.rb:228:in `loop'
C:/Ruby193/lib/ruby/gems/1.9.1/gems/directory_watcher-1.5.1/lib/directory_watcher/threaded.rb:228:in `run'
C:/Ruby193/lib/ruby/gems/1.9.1/gems/directory_watcher-1.5.1/lib/directory_watcher/threaded.rb:218:in `block in start'
[2013-05-06 10:55:16] regeneration: 1 files changed
Liquid Exception: Unknown tag 'endfor' in post2
C:/Ruby193/lib/ruby/gems/1.9.1/gems/liquid-2.5.0/lib/liquid/block.rb:62:in `unknown_tag'
C:/Ruby193/lib/ruby/gems/1.9.1/gems/liquid-2.5.0/lib/liquid/tags/if.rb:31:in `unknown_tag'
C:/Ruby193/lib/ruby/gems/1.9.1/gems/liquid-2.5.0/lib/liquid/block.rb:32:in `parse'
C:/Ruby193/lib/ruby/gems/1.9.1/gems/liquid-2.5.0/lib/liquid/tag.rb:10:in `initialize'
C:/Ruby193/lib/ruby/gems/1.9.1/gems/liquid-2.5.0/lib/liquid/tags/if.rb:24:in `initialize'
C:/Ruby193/lib/ruby/gems/1.9.1/gems/liquid-2.5.0/lib/liquid/block.rb:28:in `new'
C:/Ruby193/lib/ruby/gems/1.9.1/gems/liquid-2.5.0/lib/liquid/block.rb:28:in `parse'
C:/Ruby193/lib/ruby/gems/1.9.1/gems/liquid-2.5.0/lib/liquid/tag.rb:10:in `initialize'
C:/Ruby193/lib/ruby/gems/1.9.1/gems/liquid-2.5.0/lib/liquid/tags/if.rb:24:in `initialize'
C:/Ruby193/lib/ruby/gems/1.9.1/gems/liquid-2.5.0/lib/liquid/block.rb:28:in `new'
C:/Ruby193/lib/ruby/gems/1.9.1/gems/liquid-2.5.0/lib/liquid/block.rb:28:in `parse'
C:/Ruby193/lib/ruby/gems/1.9.1/gems/liquid-2.5.0/lib/liquid/tag.rb:10:in `initialize'
C:/Ruby193/lib/ruby/gems/1.9.1/gems/liquid-2.5.0/lib/liquid/tags/for.rb:64:in `initialize'
C:/Ruby193/lib/ruby/gems/1.9.1/gems/liquid-2.5.0/lib/liquid/block.rb:28:in `new'
C:/Ruby193/lib/ruby/gems/1.9.1/gems/liquid-2.5.0/lib/liquid/block.rb:28:in `parse'
C:/Ruby193/lib/ruby/gems/1.9.1/gems/liquid-2.5.0/lib/liquid/document.rb:5:in `initialize'
C:/Ruby193/lib/ruby/gems/1.9.1/gems/liquid-2.5.0/lib/liquid/template.rb:58:in `new'
C:/Ruby193/lib/ruby/gems/1.9.1/gems/liquid-2.5.0/lib/liquid/template.rb:58:in `parse'
C:/Ruby193/lib/ruby/gems/1.9.1/gems/liquid-2.5.0/lib/liquid/template.rb:46:in `parse'
C:/Ruby193/lib/ruby/gems/1.9.1/gems/jekyll-0.12.1/lib/jekyll/tags/include.rb:24:in `block in render'
C:/Ruby193/lib/ruby/gems/1.9.1/gems/jekyll-0.12.1/lib/jekyll/tags/include.rb:20:in `chdir'
C:/Ruby193/lib/ruby/gems/1.9.1/gems/jekyll-0.12.1/lib/jekyll/tags/include.rb:20:in `render'
C:/Ruby193/lib/ruby/gems/1.9.1/gems/liquid-2.5.0/lib/liquid/block.rb:106:in `block in render_all'
C:/Ruby193/lib/ruby/gems/1.9.1/gems/liquid-2.5.0/lib/liquid/block.rb:93:in `each'
C:/Ruby193/lib/ruby/gems/1.9.1/gems/liquid-2.5.0/lib/liquid/block.rb:93:in `render_all'
C:/Ruby193/lib/ruby/gems/1.9.1/gems/liquid-2.5.0/lib/liquid/block.rb:82:in `render'
C:/Ruby193/lib/ruby/gems/1.9.1/gems/liquid-2.5.0/lib/liquid/template.rb:124:in `render'
C:/Ruby193/lib/ruby/gems/1.9.1/gems/liquid-2.5.0/lib/liquid/template.rb:132:in `render!'
C:/Ruby193/lib/ruby/gems/1.9.1/gems/jekyll-0.12.1/lib/jekyll/convertible.rb:101:in `do_layout'
C:/Ruby193/lib/ruby/gems/1.9.1/gems/jekyll-0.12.1/lib/jekyll/post.rb:195:in `render'
C:/Ruby193/lib/ruby/gems/1.9.1/gems/jekyll-0.12.1/lib/jekyll/site.rb:200:in `block in render'
C:/Ruby193/lib/ruby/gems/1.9.1/gems/jekyll-0.12.1/lib/jekyll/site.rb:199:in `each'
C:/Ruby193/lib/ruby/gems/1.9.1/gems/jekyll-0.12.1/lib/jekyll/site.rb:199:in `render'
C:/Ruby193/lib/ruby/gems/1.9.1/gems/jekyll-0.12.1/lib/jekyll/site.rb:41:in `process'
C:/Ruby193/lib/ruby/gems/1.9.1/gems/jekyll-0.12.1/bin/jekyll:253:in `block in <top (required)>'
C:/Ruby193/lib/ruby/gems/1.9.1/gems/directory_watcher-1.5.1/lib/directory_watcher/notifier.rb:45:in `call'
C:/Ruby193/lib/ruby/gems/1.9.1/gems/directory_watcher-1.5.1/lib/directory_watcher/notifier.rb:45:in `send_event_to_observer'
C:/Ruby193/lib/ruby/gems/1.9.1/gems/directory_watcher-1.5.1/lib/directory_watcher/notifier.rb:27:in `block in run'
C:/Ruby193/lib/ruby/gems/1.9.1/gems/directory_watcher-1.5.1/lib/directory_watcher/notifier.rb:26:in `each'
C:/Ruby193/lib/ruby/gems/1.9.1/gems/directory_watcher-1.5.1/lib/directory_watcher/notifier.rb:26:in `run'
C:/Ruby193/lib/ruby/gems/1.9.1/gems/directory_watcher-1.5.1/lib/directory_watcher/threaded.rb:258:in `do_work'
C:/Ruby193/lib/ruby/gems/1.9.1/gems/directory_watcher-1.5.1/lib/directory_watcher/threaded.rb:231:in `block in run'
C:/Ruby193/lib/ruby/gems/1.9.1/gems/directory_watcher-1.5.1/lib/directory_watcher/threaded.rb:228:in `loop'
C:/Ruby193/lib/ruby/gems/1.9.1/gems/directory_watcher-1.5.1/lib/directory_watcher/threaded.rb:228:in `run'
C:/Ruby193/lib/ruby/gems/1.9.1/gems/directory_watcher-1.5.1/lib/directory_watcher/threaded.rb:218:in `block in start'
[2013-05-06 10:55:16] regeneration: 1 files changed
Liquid Exception: Unknown tag 'endfor' in post2
C:/Ruby193/lib/ruby/gems/1.9.1/gems/liquid-2.5.0/lib/liquid/block.rb:62:in `unknown_tag'
C:/Ruby193/lib/ruby/gems/1.9.1/gems/liquid-2.5.0/lib/liquid/tags/if.rb:31:in `unknown_tag'
C:/Ruby193/lib/ruby/gems/1.9.1/gems/liquid-2.5.0/lib/liquid/block.rb:32:in `parse'
C:/Ruby193/lib/ruby/gems/1.9.1/gems/liquid-2.5.0/lib/liquid/tag.rb:10:in `initialize'
C:/Ruby193/lib/ruby/gems/1.9.1/gems/liquid-2.5.0/lib/liquid/tags/if.rb:24:in `initialize'
C:/Ruby193/lib/ruby/gems/1.9.1/gems/liquid-2.5.0/lib/liquid/block.rb:28:in `new'
C:/Ruby193/lib/ruby/gems/1.9.1/gems/liquid-2.5.0/lib/liquid/block.rb:28:in `parse'
C:/Ruby193/lib/ruby/gems/1.9.1/gems/liquid-2.5.0/lib/liquid/tag.rb:10:in `initialize'
C:/Ruby193/lib/ruby/gems/1.9.1/gems/liquid-2.5.0/lib/liquid/tags/if.rb:24:in `initialize'
C:/Ruby193/lib/ruby/gems/1.9.1/gems/liquid-2.5.0/lib/liquid/block.rb:28:in `new'
C:/Ruby193/lib/ruby/gems/1.9.1/gems/liquid-2.5.0/lib/liquid/block.rb:28:in `parse'
C:/Ruby193/lib/ruby/gems/1.9.1/gems/liquid-2.5.0/lib/liquid/tag.rb:10:in `initialize'
C:/Ruby193/lib/ruby/gems/1.9.1/gems/liquid-2.5.0/lib/liquid/tags/for.rb:64:in `initialize'
C:/Ruby193/lib/ruby/gems/1.9.1/gems/liquid-2.5.0/lib/liquid/block.rb:28:in `new'
C:/Ruby193/lib/ruby/gems/1.9.1/gems/liquid-2.5.0/lib/liquid/block.rb:28:in `parse'
C:/Ruby193/lib/ruby/gems/1.9.1/gems/liquid-2.5.0/lib/liquid/document.rb:5:in `initialize'
C:/Ruby193/lib/ruby/gems/1.9.1/gems/liquid-2.5.0/lib/liquid/template.rb:58:in `new'
C:/Ruby193/lib/ruby/gems/1.9.1/gems/liquid-2.5.0/lib/liquid/template.rb:58:in `parse'
C:/Ruby193/lib/ruby/gems/1.9.1/gems/liquid-2.5.0/lib/liquid/template.rb:46:in `parse'
C:/Ruby193/lib/ruby/gems/1.9.1/gems/jekyll-0.12.1/lib/jekyll/tags/include.rb:24:in `block in render'
C:/Ruby193/lib/ruby/gems/1.9.1/gems/jekyll-0.12.1/lib/jekyll/tags/include.rb:20:in `chdir'
C:/Ruby193/lib/ruby/gems/1.9.1/gems/jekyll-0.12.1/lib/jekyll/tags/include.rb:20:in `render'
C:/Ruby193/lib/ruby/gems/1.9.1/gems/liquid-2.5.0/lib/liquid/block.rb:106:in `block in render_all'
C:/Ruby193/lib/ruby/gems/1.9.1/gems/liquid-2.5.0/lib/liquid/block.rb:93:in `each'
C:/Ruby193/lib/ruby/gems/1.9.1/gems/liquid-2.5.0/lib/liquid/block.rb:93:in `render_all'
C:/Ruby193/lib/ruby/gems/1.9.1/gems/liquid-2.5.0/lib/liquid/block.rb:82:in `render'
C:/Ruby193/lib/ruby/gems/1.9.1/gems/liquid-2.5.0/lib/liquid/template.rb:124:in `render'
C:/Ruby193/lib/ruby/gems/1.9.1/gems/liquid-2.5.0/lib/liquid/template.rb:132:in `render!'
C:/Ruby193/lib/ruby/gems/1.9.1/gems/jekyll-0.12.1/lib/jekyll/convertible.rb:101:in `do_layout'
C:/Ruby193/lib/ruby/gems/1.9.1/gems/jekyll-0.12.1/lib/jekyll/post.rb:195:in `render'
C:/Ruby193/lib/ruby/gems/1.9.1/gems/jekyll-0.12.1/lib/jekyll/site.rb:200:in `block in render'
C:/Ruby193/lib/ruby/gems/1.9.1/gems/jekyll-0.12.1/lib/jekyll/site.rb:199:in `each'
C:/Ruby193/lib/ruby/gems/1.9.1/gems/jekyll-0.12.1/lib/jekyll/site.rb:199:in `render'
C:/Ruby193/lib/ruby/gems/1.9.1/gems/jekyll-0.12.1/lib/jekyll/site.rb:41:in `process'
C:/Ruby193/lib/ruby/gems/1.9.1/gems/jekyll-0.12.1/bin/jekyll:253:in `block in <top (required)>'
C:/Ruby193/lib/ruby/gems/1.9.1/gems/directory_watcher-1.5.1/lib/directory_watcher/notifier.rb:45:in `call'
C:/Ruby193/lib/ruby/gems/1.9.1/gems/directory_watcher-1.5.1/lib/directory_watcher/notifier.rb:45:in `send_event_to_observer'
C:/Ruby193/lib/ruby/gems/1.9.1/gems/directory_watcher-1.5.1/lib/directory_watcher/notifier.rb:27:in `block in run'
C:/Ruby193/lib/ruby/gems/1.9.1/gems/directory_watcher-1.5.1/lib/directory_watcher/notifier.rb:26:in `each'
C:/Ruby193/lib/ruby/gems/1.9.1/gems/directory_watcher-1.5.1/lib/directory_watcher/notifier.rb:26:in `run'
C:/Ruby193/lib/ruby/gems/1.9.1/gems/directory_watcher-1.5.1/lib/directory_watcher/threaded.rb:258:in `do_work'
C:/Ruby193/lib/ruby/gems/1.9.1/gems/directory_watcher-1.5.1/lib/directory_watcher/threaded.rb:231:in `block in run'
C:/Ruby193/lib/ruby/gems/1.9.1/gems/directory_watcher-1.5.1/lib/directory_watcher/threaded.rb:228:in `loop'
C:/Ruby193/lib/ruby/gems/1.9.1/gems/directory_watcher-1.5.1/lib/directory_watcher/threaded.rb:228:in `run'
C:/Ruby193/lib/ruby/gems/1.9.1/gems/directory_watcher-1.5.1/lib/directory_watcher/threaded.rb:218:in `block in start'
[2013-05-06 10:55:16] regeneration: 1 files changed
Liquid Exception: Unknown tag 'endfor' in post2
C:/Ruby193/lib/ruby/gems/1.9.1/gems/liquid-2.5.0/lib/liquid/block.rb:62:in `unknown_tag'
C:/Ruby193/lib/ruby/gems/1.9.1/gems/liquid-2.5.0/lib/liquid/tags/if.rb:31:in `unknown_tag'
C:/Ruby193/lib/ruby/gems/1.9.1/gems/liquid-2.5.0/lib/liquid/block.rb:32:in `parse'
C:/Ruby193/lib/ruby/gems/1.9.1/gems/liquid-2.5.0/lib/liquid/tag.rb:10:in `initialize'
C:/Ruby193/lib/ruby/gems/1.9.1/gems/liquid-2.5.0/lib/liquid/tags/if.rb:24:in `initialize'
C:/Ruby193/lib/ruby/gems/1.9.1/gems/liquid-2.5.0/lib/liquid/block.rb:28:in `new'
C:/Ruby193/lib/ruby/gems/1.9.1/gems/liquid-2.5.0/lib/liquid/block.rb:28:in `parse'
C:/Ruby193/lib/ruby/gems/1.9.1/gems/liquid-2.5.0/lib/liquid/tag.rb:10:in `initialize'
C:/Ruby193/lib/ruby/gems/1.9.1/gems/liquid-2.5.0/lib/liquid/tags/if.rb:24:in `initialize'
C:/Ruby193/lib/ruby/gems/1.9.1/gems/liquid-2.5.0/lib/liquid/block.rb:28:in `new'
C:/Ruby193/lib/ruby/gems/1.9.1/gems/liquid-2.5.0/lib/liquid/block.rb:28:in `parse'
C:/Ruby193/lib/ruby/gems/1.9.1/gems/liquid-2.5.0/lib/liquid/tag.rb:10:in `initialize'
C:/Ruby193/lib/ruby/gems/1.9.1/gems/liquid-2.5.0/lib/liquid/tags/for.rb:64:in `initialize'
C:/Ruby193/lib/ruby/gems/1.9.1/gems/liquid-2.5.0/lib/liquid/block.rb:28:in `new'
C:/Ruby193/lib/ruby/gems/1.9.1/gems/liquid-2.5.0/lib/liquid/block.rb:28:in `parse'
C:/Ruby193/lib/ruby/gems/1.9.1/gems/liquid-2.5.0/lib/liquid/document.rb:5:in `initialize'
C:/Ruby193/lib/ruby/gems/1.9.1/gems/liquid-2.5.0/lib/liquid/template.rb:58:in `new'
C:/Ruby193/lib/ruby/gems/1.9.1/gems/liquid-2.5.0/lib/liquid/template.rb:58:in `parse'
C:/Ruby193/lib/ruby/gems/1.9.1/gems/liquid-2.5.0/lib/liquid/template.rb:46:in `parse'
C:/Ruby193/lib/ruby/gems/1.9.1/gems/jekyll-0.12.1/lib/jekyll/tags/include.rb:24:in `block in render'
C:/Ruby193/lib/ruby/gems/1.9.1/gems/jekyll-0.12.1/lib/jekyll/tags/include.rb:20:in `chdir'
C:/Ruby193/lib/ruby/gems/1.9.1/gems/jekyll-0.12.1/lib/jekyll/tags/include.rb:20:in `render'
C:/Ruby193/lib/ruby/gems/1.9.1/gems/liquid-2.5.0/lib/liquid/block.rb:106:in `block in render_all'
C:/Ruby193/lib/ruby/gems/1.9.1/gems/liquid-2.5.0/lib/liquid/block.rb:93:in `each'
C:/Ruby193/lib/ruby/gems/1.9.1/gems/liquid-2.5.0/lib/liquid/block.rb:93:in `render_all'
C:/Ruby193/lib/ruby/gems/1.9.1/gems/liquid-2.5.0/lib/liquid/block.rb:82:in `render'
C:/Ruby193/lib/ruby/gems/1.9.1/gems/liquid-2.5.0/lib/liquid/template.rb:124:in `render'
C:/Ruby193/lib/ruby/gems/1.9.1/gems/liquid-2.5.0/lib/liquid/template.rb:132:in `render!'
C:/Ruby193/lib/ruby/gems/1.9.1/gems/jekyll-0.12.1/lib/jekyll/convertible.rb:101:in `do_layout'
C:/Ruby193/lib/ruby/gems/1.9.1/gems/jekyll-0.12.1/lib/jekyll/post.rb:195:in `render'
C:/Ruby193/lib/ruby/gems/1.9.1/gems/jekyll-0.12.1/lib/jekyll/site.rb:200:in `block in render'
C:/Ruby193/lib/ruby/gems/1.9.1/gems/jekyll-0.12.1/lib/jekyll/site.rb:199:in `each'
C:/Ruby193/lib/ruby/gems/1.9.1/gems/jekyll-0.12.1/lib/jekyll/site.rb:199:in `render'
C:/Ruby193/lib/ruby/gems/1.9.1/gems/jekyll-0.12.1/lib/jekyll/site.rb:41:in `process'
C:/Ruby193/lib/ruby/gems/1.9.1/gems/jekyll-0.12.1/bin/jekyll:253:in `block in <top (required)>'
C:/Ruby193/lib/ruby/gems/1.9.1/gems/directory_watcher-1.5.1/lib/directory_watcher/notifier.rb:45:in `call'
C:/Ruby193/lib/ruby/gems/1.9.1/gems/directory_watcher-1.5.1/lib/directory_watcher/notifier.rb:45:in `send_event_to_observer'
C:/Ruby193/lib/ruby/gems/1.9.1/gems/directory_watcher-1.5.1/lib/directory_watcher/notifier.rb:27:in `block in run'
C:/Ruby193/lib/ruby/gems/1.9.1/gems/directory_watcher-1.5.1/lib/directory_watcher/notifier.rb:26:in `each'
C:/Ruby193/lib/ruby/gems/1.9.1/gems/directory_watcher-1.5.1/lib/directory_watcher/notifier.rb:26:in `run'
C:/Ruby193/lib/ruby/gems/1.9.1/gems/directory_watcher-1.5.1/lib/directory_watcher/threaded.rb:258:in `do_work'
C:/Ruby193/lib/ruby/gems/1.9.1/gems/directory_watcher-1.5.1/lib/directory_watcher/threaded.rb:231:in `block in run'
C:/Ruby193/lib/ruby/gems/1.9.1/gems/directory_watcher-1.5.1/lib/directory_watcher/threaded.rb:228:in `loop'
C:/Ruby193/lib/ruby/gems/1.9.1/gems/directory_watcher-1.5.1/lib/directory_watcher/threaded.rb:228:in `run'
C:/Ruby193/lib/ruby/gems/1.9.1/gems/directory_watcher-1.5.1/lib/directory_watcher/threaded.rb:218:in `block in start'
[2013-05-06 10:55:16] regeneration: 1 files changed
Liquid Exception: Unknown tag 'endfor' in post2
C:/Ruby193/lib/ruby/gems/1.9.1/gems/liquid-2.5.0/lib/liquid/block.rb:62:in `unknown_tag'
C:/Ruby193/lib/ruby/gems/1.9.1/gems/liquid-2.5.0/lib/liquid/tags/if.rb:31:in `unknown_tag'
C:/Ruby193/lib/ruby/gems/1.9.1/gems/liquid-2.5.0/lib/liquid/block.rb:32:in `parse'
C:/Ruby193/lib/ruby/gems/1.9.1/gems/liquid-2.5.0/lib/liquid/tag.rb:10:in `initialize'
C:/Ruby193/lib/ruby/gems/1.9.1/gems/liquid-2.5.0/lib/liquid/tags/if.rb:24:in `initialize'
C:/Ruby193/lib/ruby/gems/1.9.1/gems/liquid-2.5.0/lib/liquid/block.rb:28:in `new'
C:/Ruby193/lib/ruby/gems/1.9.1/gems/liquid-2.5.0/lib/liquid/block.rb:28:in `parse'
C:/Ruby193/lib/ruby/gems/1.9.1/gems/liquid-2.5.0/lib/liquid/tag.rb:10:in `initialize'
C:/Ruby193/lib/ruby/gems/1.9.1/gems/liquid-2.5.0/lib/liquid/tags/if.rb:24:in `initialize'
C:/Ruby193/lib/ruby/gems/1.9.1/gems/liquid-2.5.0/lib/liquid/block.rb:28:in `new'
C:/Ruby193/lib/ruby/gems/1.9.1/gems/liquid-2.5.0/lib/liquid/block.rb:28:in `parse'
C:/Ruby193/lib/ruby/gems/1.9.1/gems/liquid-2.5.0/lib/liquid/tag.rb:10:in `initialize'
C:/Ruby193/lib/ruby/gems/1.9.1/gems/liquid-2.5.0/lib/liquid/tags/for.rb:64:in `initialize'
C:/Ruby193/lib/ruby/gems/1.9.1/gems/liquid-2.5.0/lib/liquid/block.rb:28:in `new'
C:/Ruby193/lib/ruby/gems/1.9.1/gems/liquid-2.5.0/lib/liquid/block.rb:28:in `parse'
C:/Ruby193/lib/ruby/gems/1.9.1/gems/liquid-2.5.0/lib/liquid/document.rb:5:in `initialize'
C:/Ruby193/lib/ruby/gems/1.9.1/gems/liquid-2.5.0/lib/liquid/template.rb:58:in `new'
C:/Ruby193/lib/ruby/gems/1.9.1/gems/liquid-2.5.0/lib/liquid/template.rb:58:in `parse'
C:/Ruby193/lib/ruby/gems/1.9.1/gems/liquid-2.5.0/lib/liquid/template.rb:46:in `parse'
C:/Ruby193/lib/ruby/gems/1.9.1/gems/jekyll-0.12.1/lib/jekyll/tags/include.rb:24:in `block in render'
C:/Ruby193/lib/ruby/gems/1.9.1/gems/jekyll-0.12.1/lib/jekyll/tags/include.rb:20:in `chdir'
C:/Ruby193/lib/ruby/gems/1.9.1/gems/jekyll-0.12.1/lib/jekyll/tags/include.rb:20:in `render'
C:/Ruby193/lib/ruby/gems/1.9.1/gems/liquid-2.5.0/lib/liquid/block.rb:106:in `block in render_all'
C:/Ruby193/lib/ruby/gems/1.9.1/gems/liquid-2.5.0/lib/liquid/block.rb:93:in `each'
C:/Ruby193/lib/ruby/gems/1.9.1/gems/liquid-2.5.0/lib/liquid/block.rb:93:in `render_all'
C:/Ruby193/lib/ruby/gems/1.9.1/gems/liquid-2.5.0/lib/liquid/block.rb:82:in `render'
C:/Ruby193/lib/ruby/gems/1.9.1/gems/liquid-2.5.0/lib/liquid/template.rb:124:in `render'
C:/Ruby193/lib/ruby/gems/1.9.1/gems/liquid-2.5.0/lib/liquid/template.rb:132:in `render!'
C:/Ruby193/lib/ruby/gems/1.9.1/gems/jekyll-0.12.1/lib/jekyll/convertible.rb:101:in `do_layout'
C:/Ruby193/lib/ruby/gems/1.9.1/gems/jekyll-0.12.1/lib/jekyll/post.rb:195:in `render'
C:/Ruby193/lib/ruby/gems/1.9.1/gems/jekyll-0.12.1/lib/jekyll/site.rb:200:in `block in render'
C:/Ruby193/lib/ruby/gems/1.9.1/gems/jekyll-0.12.1/lib/jekyll/site.rb:199:in `each'
C:/Ruby193/lib/ruby/gems/1.9.1/gems/jekyll-0.12.1/lib/jekyll/site.rb:199:in `render'
C:/Ruby193/lib/ruby/gems/1.9.1/gems/jekyll-0.12.1/lib/jekyll/site.rb:41:in `process'
C:/Ruby193/lib/ruby/gems/1.9.1/gems/jekyll-0.12.1/bin/jekyll:253:in `block in <top (required)>'
C:/Ruby193/lib/ruby/gems/1.9.1/gems/directory_watcher-1.5.1/lib/directory_watcher/notifier.rb:45:in `call'
C:/Ruby193/lib/ruby/gems/1.9.1/gems/directory_watcher-1.5.1/lib/directory_watcher/notifier.rb:45:in `send_event_to_observer'
C:/Ruby193/lib/ruby/gems/1.9.1/gems/directory_watcher-1.5.1/lib/directory_watcher/notifier.rb:27:in `block in run'
C:/Ruby193/lib/ruby/gems/1.9.1/gems/directory_watcher-1.5.1/lib/directory_watcher/notifier.rb:26:in `each'
C:/Ruby193/lib/ruby/gems/1.9.1/gems/directory_watcher-1.5.1/lib/directory_watcher/notifier.rb:26:in `run'
C:/Ruby193/lib/ruby/gems/1.9.1/gems/directory_watcher-1.5.1/lib/directory_watcher/threaded.rb:258:in `do_work'
C:/Ruby193/lib/ruby/gems/1.9.1/gems/directory_watcher-1.5.1/lib/directory_watcher/threaded.rb:231:in `block in run'
C:/Ruby193/lib/ruby/gems/1.9.1/gems/directory_watcher-1.5.1/lib/directory_watcher/threaded.rb:228:in `loop'
C:/Ruby193/lib/ruby/gems/1.9.1/gems/directory_watcher-1.5.1/lib/directory_watcher/threaded.rb:228:in `run'
C:/Ruby193/lib/ruby/gems/1.9.1/gems/directory_watcher-1.5.1/lib/directory_watcher/threaded.rb:218:in `block in start'
[2013-05-06 10:55:16] regeneration: 1 files changed
Liquid Exception: Unknown tag 'endfor' in post2
C:/Ruby193/lib/ruby/gems/1.9.1/gems/liquid-2.5.0/lib/liquid/block.rb:62:in `unknown_tag'
C:/Ruby193/lib/ruby/gems/1.9.1/gems/liquid-2.5.0/lib/liquid/tags/if.rb:31:in `unknown_tag'
C:/Ruby193/lib/ruby/gems/1.9.1/gems/liquid-2.5.0/lib/liquid/block.rb:32:in `parse'
C:/Ruby193/lib/ruby/gems/1.9.1/gems/liquid-2.5.0/lib/liquid/tag.rb:10:in `initialize'
C:/Ruby193/lib/ruby/gems/1.9.1/gems/liquid-2.5.0/lib/liquid/tags/if.rb:24:in `initialize'
C:/Ruby193/lib/ruby/gems/1.9.1/gems/liquid-2.5.0/lib/liquid/block.rb:28:in `new'
C:/Ruby193/lib/ruby/gems/1.9.1/gems/liquid-2.5.0/lib/liquid/block.rb:28:in `parse'
C:/Ruby193/lib/ruby/gems/1.9.1/gems/liquid-2.5.0/lib/liquid/tag.rb:10:in `initialize'
C:/Ruby193/lib/ruby/gems/1.9.1/gems/liquid-2.5.0/lib/liquid/tags/if.rb:24:in `initialize'
C:/Ruby193/lib/ruby/gems/1.9.1/gems/liquid-2.5.0/lib/liquid/block.rb:28:in `new'
C:/Ruby193/lib/ruby/gems/1.9.1/gems/liquid-2.5.0/lib/liquid/block.rb:28:in `parse'
C:/Ruby193/lib/ruby/gems/1.9.1/gems/liquid-2.5.0/lib/liquid/tag.rb:10:in `initialize'
C:/Ruby193/lib/ruby/gems/1.9.1/gems/liquid-2.5.0/lib/liquid/tags/for.rb:64:in `initialize'
C:/Ruby193/lib/ruby/gems/1.9.1/gems/liquid-2.5.0/lib/liquid/block.rb:28:in `new'
C:/Ruby193/lib/ruby/gems/1.9.1/gems/liquid-2.5.0/lib/liquid/block.rb:28:in `parse'
C:/Ruby193/lib/ruby/gems/1.9.1/gems/liquid-2.5.0/lib/liquid/document.rb:5:in `initialize'
C:/Ruby193/lib/ruby/gems/1.9.1/gems/liquid-2.5.0/lib/liquid/template.rb:58:in `new'
C:/Ruby193/lib/ruby/gems/1.9.1/gems/liquid-2.5.0/lib/liquid/template.rb:58:in `parse'
C:/Ruby193/lib/ruby/gems/1.9.1/gems/liquid-2.5.0/lib/liquid/template.rb:46:in `parse'
C:/Ruby193/lib/ruby/gems/1.9.1/gems/jekyll-0.12.1/lib/jekyll/tags/include.rb:24:in `block in render'
C:/Ruby193/lib/ruby/gems/1.9.1/gems/jekyll-0.12.1/lib/jekyll/tags/include.rb:20:in `chdir'
C:/Ruby193/lib/ruby/gems/1.9.1/gems/jekyll-0.12.1/lib/jekyll/tags/include.rb:20:in `render'
C:/Ruby193/lib/ruby/gems/1.9.1/gems/liquid-2.5.0/lib/liquid/block.rb:106:in `block in render_all'
C:/Ruby193/lib/ruby/gems/1.9.1/gems/liquid-2.5.0/lib/liquid/block.rb:93:in `each'
C:/Ruby193/lib/ruby/gems/1.9.1/gems/liquid-2.5.0/lib/liquid/block.rb:93:in `render_all'
C:/Ruby193/lib/ruby/gems/1.9.1/gems/liquid-2.5.0/lib/liquid/block.rb:82:in `render'
C:/Ruby193/lib/ruby/gems/1.9.1/gems/liquid-2.5.0/lib/liquid/template.rb:124:in `render'
C:/Ruby193/lib/ruby/gems/1.9.1/gems/liquid-2.5.0/lib/liquid/template.rb:132:in `render!'
C:/Ruby193/lib/ruby/gems/1.9.1/gems/jekyll-0.12.1/lib/jekyll/convertible.rb:101:in `do_layout'
C:/Ruby193/lib/ruby/gems/1.9.1/gems/jekyll-0.12.1/lib/jekyll/post.rb:195:in `render'
C:/Ruby193/lib/ruby/gems/1.9.1/gems/jekyll-0.12.1/lib/jekyll/site.rb:200:in `block in render'
C:/Ruby193/lib/ruby/gems/1.9.1/gems/jekyll-0.12.1/lib/jekyll/site.rb:199:in `each'
C:/Ruby193/lib/ruby/gems/1.9.1/gems/jekyll-0.12.1/lib/jekyll/site.rb:199:in `render'
C:/Ruby193/lib/ruby/gems/1.9.1/gems/jekyll-0.12.1/lib/jekyll/site.rb:41:in `process'
C:/Ruby193/lib/ruby/gems/1.9.1/gems/jekyll-0.12.1/bin/jekyll:253:in `block in <top (required)>'
C:/Ruby193/lib/ruby/gems/1.9.1/gems/directory_watcher-1.5.1/lib/directory_watcher/notifier.rb:45:in `call'
C:/Ruby193/lib/ruby/gems/1.9.1/gems/directory_watcher-1.5.1/lib/directory_watcher/notifier.rb:45:in `send_event_to_observer'
C:/Ruby193/lib/ruby/gems/1.9.1/gems/directory_watcher-1.5.1/lib/directory_watcher/notifier.rb:27:in `block in run'
C:/Ruby193/lib/ruby/gems/1.9.1/gems/directory_watcher-1.5.1/lib/directory_watcher/notifier.rb:26:in `each'
C:/Ruby193/lib/ruby/gems/1.9.1/gems/directory_watcher-1.5.1/lib/directory_watcher/notifier.rb:26:in `run'
C:/Ruby193/lib/ruby/gems/1.9.1/gems/directory_watcher-1.5.1/lib/directory_watcher/threaded.rb:258:in `do_work'
C:/Ruby193/lib/ruby/gems/1.9.1/gems/directory_watcher-1.5.1/lib/directory_watcher/threaded.rb:231:in `block in run'
C:/Ruby193/lib/ruby/gems/1.9.1/gems/directory_watcher-1.5.1/lib/directory_watcher/threaded.rb:228:in `loop'
C:/Ruby193/lib/ruby/gems/1.9.1/gems/directory_watcher-1.5.1/lib/directory_watcher/threaded.rb:228:in `run'
C:/Ruby193/lib/ruby/gems/1.9.1/gems/directory_watcher-1.5.1/lib/directory_watcher/threaded.rb:218:in `block in start'
[2013-05-06 10:55:17] regeneration: 1 files changed
Liquid Exception: Unknown tag 'endfor' in post2
C:/Ruby193/lib/ruby/gems/1.9.1/gems/liquid-2.5.0/lib/liquid/block.rb:62:in `unknown_tag'
C:/Ruby193/lib/ruby/gems/1.9.1/gems/liquid-2.5.0/lib/liquid/tags/if.rb:31:in `unknown_tag'
C:/Ruby193/lib/ruby/gems/1.9.1/gems/liquid-2.5.0/lib/liquid/block.rb:32:in `parse'
C:/Ruby193/lib/ruby/gems/1.9.1/gems/liquid-2.5.0/lib/liquid/tag.rb:10:in `initialize'
C:/Ruby193/lib/ruby/gems/1.9.1/gems/liquid-2.5.0/lib/liquid/tags/if.rb:24:in `initialize'
C:/Ruby193/lib/ruby/gems/1.9.1/gems/liquid-2.5.0/lib/liquid/block.rb:28:in `new'
C:/Ruby193/lib/ruby/gems/1.9.1/gems/liquid-2.5.0/lib/liquid/block.rb:28:in `parse'
C:/Ruby193/lib/ruby/gems/1.9.1/gems/liquid-2.5.0/lib/liquid/tag.rb:10:in `initialize'
C:/Ruby193/lib/ruby/gems/1.9.1/gems/liquid-2.5.0/lib/liquid/tags/if.rb:24:in `initialize'
C:/Ruby193/lib/ruby/gems/1.9.1/gems/liquid-2.5.0/lib/liquid/block.rb:28:in `new'
C:/Ruby193/lib/ruby/gems/1.9.1/gems/liquid-2.5.0/lib/liquid/block.rb:28:in `parse'
C:/Ruby193/lib/ruby/gems/1.9.1/gems/liquid-2.5.0/lib/liquid/tag.rb:10:in `initialize'
C:/Ruby193/lib/ruby/gems/1.9.1/gems/liquid-2.5.0/lib/liquid/tags/for.rb:64:in `initialize'
C:/Ruby193/lib/ruby/gems/1.9.1/gems/liquid-2.5.0/lib/liquid/block.rb:28:in `new'
C:/Ruby193/lib/ruby/gems/1.9.1/gems/liquid-2.5.0/lib/liquid/block.rb:28:in `parse'
C:/Ruby193/lib/ruby/gems/1.9.1/gems/liquid-2.5.0/lib/liquid/document.rb:5:in `initialize'
C:/Ruby193/lib/ruby/gems/1.9.1/gems/liquid-2.5.0/lib/liquid/template.rb:58:in `new'
C:/Ruby193/lib/ruby/gems/1.9.1/gems/liquid-2.5.0/lib/liquid/template.rb:58:in `parse'
C:/Ruby193/lib/ruby/gems/1.9.1/gems/liquid-2.5.0/lib/liquid/template.rb:46:in `parse'
C:/Ruby193/lib/ruby/gems/1.9.1/gems/jekyll-0.12.1/lib/jekyll/tags/include.rb:24:in `block in render'
C:/Ruby193/lib/ruby/gems/1.9.1/gems/jekyll-0.12.1/lib/jekyll/tags/include.rb:20:in `chdir'
C:/Ruby193/lib/ruby/gems/1.9.1/gems/jekyll-0.12.1/lib/jekyll/tags/include.rb:20:in `render'
C:/Ruby193/lib/ruby/gems/1.9.1/gems/liquid-2.5.0/lib/liquid/block.rb:106:in `block in render_all'
C:/Ruby193/lib/ruby/gems/1.9.1/gems/liquid-2.5.0/lib/liquid/block.rb:93:in `each'
C:/Ruby193/lib/ruby/gems/1.9.1/gems/liquid-2.5.0/lib/liquid/block.rb:93:in `render_all'
C:/Ruby193/lib/ruby/gems/1.9.1/gems/liquid-2.5.0/lib/liquid/block.rb:82:in `render'
C:/Ruby193/lib/ruby/gems/1.9.1/gems/liquid-2.5.0/lib/liquid/template.rb:124:in `render'
C:/Ruby193/lib/ruby/gems/1.9.1/gems/liquid-2.5.0/lib/liquid/template.rb:132:in `render!'
C:/Ruby193/lib/ruby/gems/1.9.1/gems/jekyll-0.12.1/lib/jekyll/convertible.rb:101:in `do_layout'
C:/Ruby193/lib/ruby/gems/1.9.1/gems/jekyll-0.12.1/lib/jekyll/post.rb:195:in `render'
C:/Ruby193/lib/ruby/gems/1.9.1/gems/jekyll-0.12.1/lib/jekyll/site.rb:200:in `block in render'
C:/Ruby193/lib/ruby/gems/1.9.1/gems/jekyll-0.12.1/lib/jekyll/site.rb:199:in `each'
C:/Ruby193/lib/ruby/gems/1.9.1/gems/jekyll-0.12.1/lib/jekyll/site.rb:199:in `render'
C:/Ruby193/lib/ruby/gems/1.9.1/gems/jekyll-0.12.1/lib/jekyll/site.rb:41:in `process'
C:/Ruby193/lib/ruby/gems/1.9.1/gems/jekyll-0.12.1/bin/jekyll:253:in `block in <top (required)>'
C:/Ruby193/lib/ruby/gems/1.9.1/gems/directory_watcher-1.5.1/lib/directory_watcher/notifier.rb:45:in `call'
C:/Ruby193/lib/ruby/gems/1.9.1/gems/directory_watcher-1.5.1/lib/directory_watcher/notifier.rb:45:in `send_event_to_observer'
C:/Ruby193/lib/ruby/gems/1.9.1/gems/directory_watcher-1.5.1/lib/directory_watcher/notifier.rb:27:in `block in run'
C:/Ruby193/lib/ruby/gems/1.9.1/gems/directory_watcher-1.5.1/lib/directory_watcher/notifier.rb:26:in `each'
C:/Ruby193/lib/ruby/gems/1.9.1/gems/directory_watcher-1.5.1/lib/directory_watcher/notifier.rb:26:in `run'
C:/Ruby193/lib/ruby/gems/1.9.1/gems/directory_watcher-1.5.1/lib/directory_watcher/threaded.rb:258:in `do_work'
C:/Ruby193/lib/ruby/gems/1.9.1/gems/directory_watcher-1.5.1/lib/directory_watcher/threaded.rb:231:in `block in run'
C:/Ruby193/lib/ruby/gems/1.9.1/gems/directory_watcher-1.5.1/lib/directory_watcher/threaded.rb:228:in `loop'
C:/Ruby193/lib/ruby/gems/1.9.1/gems/directory_watcher-1.5.1/lib/directory_watcher/threaded.rb:228:in `run'
C:/Ruby193/lib/ruby/gems/1.9.1/gems/directory_watcher-1.5.1/lib/directory_watcher/threaded.rb:218:in `block in start'
Terminate batch job (Y/N)? 